WARNING:torch.distributed.run:
*****************************************
Setting OMP_NUM_THREADS environment variable for each process to be 1 in default, to avoid your system being overloaded, please further tune the variable for optimal performance in your application as needed. 
*****************************************
[2023-07-23 12:27:33,745] - [trainer.py file line:206] - INFO: epoch: 1	 batch: 50
[2023-07-23 12:27:33,882] - [trainer.py file line:211] - INFO: rec_loss: 0.0568443760
[2023-07-23 12:34:52,019] - [trainer.py file line:206] - INFO: epoch: 1	 batch: 100
[2023-07-23 12:34:52,257] - [trainer.py file line:211] - INFO: rec_loss: 0.0398514345
[2023-07-23 12:43:29,284] - [trainer.py file line:206] - INFO: epoch: 2	 batch: 50
[2023-07-23 12:43:29,491] - [trainer.py file line:211] - INFO: rec_loss: 0.0332601331
[2023-07-23 12:50:35,623] - [trainer.py file line:206] - INFO: epoch: 2	 batch: 100
[2023-07-23 12:50:35,894] - [trainer.py file line:211] - INFO: rec_loss: 0.0292948820
[2023-07-23 12:58:56,557] - [trainer.py file line:206] - INFO: epoch: 3	 batch: 50
[2023-07-23 12:58:56,716] - [trainer.py file line:211] - INFO: rec_loss: 0.0219893493
[2023-07-23 13:06:06,451] - [trainer.py file line:206] - INFO: epoch: 3	 batch: 100
[2023-07-23 13:06:06,628] - [trainer.py file line:211] - INFO: rec_loss: 0.0295549538
[2023-07-23 13:14:34,990] - [trainer.py file line:206] - INFO: epoch: 4	 batch: 50
[2023-07-23 13:14:35,294] - [trainer.py file line:211] - INFO: rec_loss: 0.0251978841
[2023-07-23 13:21:53,835] - [trainer.py file line:206] - INFO: epoch: 4	 batch: 100
[2023-07-23 13:21:54,132] - [trainer.py file line:211] - INFO: rec_loss: 0.0166088603
[2023-07-23 13:30:22,029] - [trainer.py file line:206] - INFO: epoch: 5	 batch: 50
[2023-07-23 13:30:22,163] - [trainer.py file line:211] - INFO: rec_loss: 0.0173104126
[2023-07-23 13:37:29,537] - [trainer.py file line:206] - INFO: epoch: 5	 batch: 100
[2023-07-23 13:37:29,828] - [trainer.py file line:211] - INFO: rec_loss: 0.0180088636
[2023-07-23 13:38:52,125] - [trainer.py file line:243] - INFO: Epoch 5 evaluation process...
[2023-07-23 13:40:12,961] - [trainer.py file line:283] - INFO: Pipeline  PSNR (now): 19.095 	 SSIM (now): 0.6550
[2023-07-23 13:40:12,978] - [trainer.py file line:284] - INFO: baseline  PSNR (now): 19.095 	 SSIM (now): 0.6550
[2023-07-23 13:40:12,987] - [trainer.py file line:294] - INFO: Ref  PSNR improvement (max): 0.000 (0) 	 SSIM improvement (max): 0.0000 (0)
[2023-07-23 13:40:12,988] - [trainer.py file line:298] - INFO: Evaluation over.
[2023-07-23 13:47:24,288] - [trainer.py file line:206] - INFO: epoch: 6	 batch: 50
[2023-07-23 13:47:24,433] - [trainer.py file line:211] - INFO: rec_loss: 0.0147020649
[2023-07-23 13:54:30,477] - [trainer.py file line:206] - INFO: epoch: 6	 batch: 100
[2023-07-23 13:54:30,646] - [trainer.py file line:211] - INFO: rec_loss: 0.0135085173
[2023-07-23 14:02:57,719] - [trainer.py file line:206] - INFO: epoch: 7	 batch: 50
[2023-07-23 14:02:57,923] - [trainer.py file line:211] - INFO: rec_loss: 0.0169579946
[2023-07-23 14:10:02,987] - [trainer.py file line:206] - INFO: epoch: 7	 batch: 100
[2023-07-23 14:10:03,123] - [trainer.py file line:211] - INFO: rec_loss: 0.0112572899
[2023-07-23 14:18:30,847] - [trainer.py file line:206] - INFO: epoch: 8	 batch: 50
[2023-07-23 14:18:31,031] - [trainer.py file line:211] - INFO: rec_loss: 0.0131124556
[2023-07-23 14:25:41,723] - [trainer.py file line:206] - INFO: epoch: 8	 batch: 100
[2023-07-23 14:25:41,842] - [trainer.py file line:211] - INFO: rec_loss: 0.0178972669
[2023-07-23 14:34:10,452] - [trainer.py file line:206] - INFO: epoch: 9	 batch: 50
[2023-07-23 14:34:10,609] - [trainer.py file line:211] - INFO: rec_loss: 0.0191800408
[2023-07-23 14:41:17,296] - [trainer.py file line:206] - INFO: epoch: 9	 batch: 100
[2023-07-23 14:41:17,405] - [trainer.py file line:211] - INFO: rec_loss: 0.0112876883
[2023-07-23 14:49:46,770] - [trainer.py file line:206] - INFO: epoch: 10	 batch: 50
[2023-07-23 14:49:46,970] - [trainer.py file line:211] - INFO: rec_loss: 0.0098327836
[2023-07-23 14:56:52,057] - [trainer.py file line:206] - INFO: epoch: 10	 batch: 100
[2023-07-23 14:56:52,302] - [trainer.py file line:211] - INFO: rec_loss: 0.0108323423
[2023-07-23 14:58:13,222] - [trainer.py file line:243] - INFO: Epoch 10 evaluation process...
[2023-07-23 14:59:31,702] - [trainer.py file line:283] - INFO: Pipeline  PSNR (now): 18.020 	 SSIM (now): 0.6229
[2023-07-23 14:59:31,746] - [trainer.py file line:284] - INFO: baseline  PSNR (now): 18.020 	 SSIM (now): 0.6229
[2023-07-23 14:59:31,755] - [trainer.py file line:294] - INFO: Ref  PSNR improvement (max): 0.000 (0) 	 SSIM improvement (max): 0.0000 (0)
[2023-07-23 14:59:31,755] - [trainer.py file line:298] - INFO: Evaluation over.
[2023-07-23 15:06:40,262] - [trainer.py file line:206] - INFO: epoch: 11	 batch: 50
[2023-07-23 15:06:40,406] - [trainer.py file line:211] - INFO: rec_loss: 0.0101159764
[2023-07-23 15:13:51,348] - [trainer.py file line:206] - INFO: epoch: 11	 batch: 100
[2023-07-23 15:13:51,433] - [trainer.py file line:211] - INFO: rec_loss: 0.0103974342
[2023-07-23 15:22:29,570] - [trainer.py file line:206] - INFO: epoch: 12	 batch: 50
[2023-07-23 15:22:29,724] - [trainer.py file line:211] - INFO: rec_loss: 0.0099741975
[2023-07-23 15:29:38,736] - [trainer.py file line:206] - INFO: epoch: 12	 batch: 100
[2023-07-23 15:29:38,847] - [trainer.py file line:211] - INFO: rec_loss: 0.0126817282
[2023-07-23 15:38:01,683] - [trainer.py file line:206] - INFO: epoch: 13	 batch: 50
[2023-07-23 15:38:01,736] - [trainer.py file line:211] - INFO: rec_loss: 0.0097923661
[2023-07-23 15:45:08,109] - [trainer.py file line:206] - INFO: epoch: 13	 batch: 100
[2023-07-23 15:45:08,185] - [trainer.py file line:211] - INFO: rec_loss: 0.0125196707
[2023-07-23 15:53:42,068] - [trainer.py file line:206] - INFO: epoch: 14	 batch: 50
[2023-07-23 15:53:42,260] - [trainer.py file line:211] - INFO: rec_loss: 0.0132622868
[2023-07-23 16:00:55,250] - [trainer.py file line:206] - INFO: epoch: 14	 batch: 100
[2023-07-23 16:00:55,402] - [trainer.py file line:211] - INFO: rec_loss: 0.0114286877
[2023-07-23 16:09:28,196] - [trainer.py file line:206] - INFO: epoch: 15	 batch: 50
[2023-07-23 16:09:28,424] - [trainer.py file line:211] - INFO: rec_loss: 0.0115884542
[2023-07-23 16:16:38,380] - [trainer.py file line:206] - INFO: epoch: 15	 batch: 100
[2023-07-23 16:16:38,531] - [trainer.py file line:211] - INFO: rec_loss: 0.0111429645
[2023-07-23 16:18:02,508] - [trainer.py file line:243] - INFO: Epoch 15 evaluation process...
[2023-07-23 16:19:23,467] - [trainer.py file line:283] - INFO: Pipeline  PSNR (now): 17.722 	 SSIM (now): 0.6117
[2023-07-23 16:19:23,545] - [trainer.py file line:284] - INFO: baseline  PSNR (now): 17.722 	 SSIM (now): 0.6117
[2023-07-23 16:19:23,547] - [trainer.py file line:294] - INFO: Ref  PSNR improvement (max): 0.000 (0) 	 SSIM improvement (max): 0.0000 (0)
[2023-07-23 16:19:23,547] - [trainer.py file line:298] - INFO: Evaluation over.
[2023-07-23 16:26:32,000] - [trainer.py file line:206] - INFO: epoch: 16	 batch: 50
[2023-07-23 16:26:32,203] - [trainer.py file line:211] - INFO: rec_loss: 0.0095013669
[2023-07-23 16:33:42,176] - [trainer.py file line:206] - INFO: epoch: 16	 batch: 100
[2023-07-23 16:33:42,350] - [trainer.py file line:211] - INFO: rec_loss: 0.0089477152
[2023-07-23 16:42:17,408] - [trainer.py file line:206] - INFO: epoch: 17	 batch: 50
[2023-07-23 16:42:17,639] - [trainer.py file line:211] - INFO: rec_loss: 0.0087785497
[2023-07-23 16:49:28,482] - [trainer.py file line:206] - INFO: epoch: 17	 batch: 100
[2023-07-23 16:49:28,727] - [trainer.py file line:211] - INFO: rec_loss: 0.0078401770
[2023-07-23 16:57:56,861] - [trainer.py file line:206] - INFO: epoch: 18	 batch: 50
[2023-07-23 16:57:57,107] - [trainer.py file line:211] - INFO: rec_loss: 0.0092798444
[2023-07-23 17:05:06,465] - [trainer.py file line:206] - INFO: epoch: 18	 batch: 100
[2023-07-23 17:05:06,558] - [trainer.py file line:211] - INFO: rec_loss: 0.0085064080
[2023-07-23 17:13:40,490] - [trainer.py file line:206] - INFO: epoch: 19	 batch: 50
[2023-07-23 17:13:40,708] - [trainer.py file line:211] - INFO: rec_loss: 0.0082817310
[2023-07-23 17:20:49,738] - [trainer.py file line:206] - INFO: epoch: 19	 batch: 100
[2023-07-23 17:20:49,882] - [trainer.py file line:211] - INFO: rec_loss: 0.0081586018
Traceback (most recent call last):
  File "main.py", line 82, in <module>
Traceback (most recent call last):
  File "main.py", line 82, in <module>
Traceback (most recent call last):
  File "main.py", line 82, in <module>
Traceback (most recent call last):
  File "main.py", line 82, in <module>
    t.train(current_epoch=epoch, is_init=False)
  File "/jmain02/home/J2AD007/txk47/zxy40-txk47/DRTT/trainer.py", line 198, in train
    t.train(current_epoch=epoch, is_init=False)
  File "/jmain02/home/J2AD007/txk47/zxy40-txk47/DRTT/trainer.py", line 198, in train
    t.train(current_epoch=epoch, is_init=False)
  File "/jmain02/home/J2AD007/txk47/zxy40-txk47/DRTT/trainer.py", line 198, in train
    t.train(current_epoch=epoch, is_init=False)
  File "/jmain02/home/J2AD007/txk47/zxy40-txk47/DRTT/trainer.py", line 198, in train
    loss = self.loss.loss(dr, cl_img)
  File "/jmain02/home/J2AD007/txk47/zxy40-txk47/DRTT/loss/loss.py", line 104, in loss
    loss = self.loss.loss(dr, cl_img)
  File "/jmain02/home/J2AD007/txk47/zxy40-txk47/DRTT/loss/loss.py", line 104, in loss
    loss = self.loss.loss(dr, cl_img)
  File "/jmain02/home/J2AD007/txk47/zxy40-txk47/DRTT/loss/loss.py", line 104, in loss
    loss = self.loss.loss(dr, cl_img)
  File "/jmain02/home/J2AD007/txk47/zxy40-txk47/DRTT/loss/loss.py", line 104, in loss
Traceback (most recent call last):
  File "main.py", line 82, in <module>
Traceback (most recent call last):
  File "main.py", line 82, in <module>
    loss = self.get_ms_ssim_l1_loss(dr, cl) if (self.ms_ssim_l1_loss) else self.get_rec_loss(dr, cl)
  File "/jmain02/home/J2AD007/txk47/zxy40-txk47/DRTT/loss/loss.py", line 74, in get_ms_ssim_l1_loss
    self.loss_dict['ms_ssim_l1_loss'] = self.ms_ssim_l1_loss(dr, cl)
  File "/jmain02/home/J2AD007/txk47/zxy40-txk47/miniconda3/envs/DRTT/lib/python3.8/site-packages/torch/nn/modules/module.py", line 1130, in _call_impl
    loss = self.get_ms_ssim_l1_loss(dr, cl) if (self.ms_ssim_l1_loss) else self.get_rec_loss(dr, cl)
  File "/jmain02/home/J2AD007/txk47/zxy40-txk47/DRTT/loss/loss.py", line 74, in get_ms_ssim_l1_loss
    loss = self.get_ms_ssim_l1_loss(dr, cl) if (self.ms_ssim_l1_loss) else self.get_rec_loss(dr, cl)
  File "/jmain02/home/J2AD007/txk47/zxy40-txk47/DRTT/loss/loss.py", line 74, in get_ms_ssim_l1_loss
    self.loss_dict['ms_ssim_l1_loss'] = self.ms_ssim_l1_loss(dr, cl)
  File "/jmain02/home/J2AD007/txk47/zxy40-txk47/miniconda3/envs/DRTT/lib/python3.8/site-packages/torch/nn/modules/module.py", line 1130, in _call_impl
    self.loss_dict['ms_ssim_l1_loss'] = self.ms_ssim_l1_loss(dr, cl)
  File "/jmain02/home/J2AD007/txk47/zxy40-txk47/miniconda3/envs/DRTT/lib/python3.8/site-packages/torch/nn/modules/module.py", line 1130, in _call_impl
    t.train(current_epoch=epoch, is_init=False)
  File "/jmain02/home/J2AD007/txk47/zxy40-txk47/DRTT/trainer.py", line 198, in train
    loss = self.get_ms_ssim_l1_loss(dr, cl) if (self.ms_ssim_l1_loss) else self.get_rec_loss(dr, cl)
  File "/jmain02/home/J2AD007/txk47/zxy40-txk47/DRTT/loss/loss.py", line 74, in get_ms_ssim_l1_loss
    self.loss_dict['ms_ssim_l1_loss'] = self.ms_ssim_l1_loss(dr, cl)
  File "/jmain02/home/J2AD007/txk47/zxy40-txk47/miniconda3/envs/DRTT/lib/python3.8/site-packages/torch/nn/modules/module.py", line 1130, in _call_impl
    loss = self.loss.loss(dr, cl_img)
  File "/jmain02/home/J2AD007/txk47/zxy40-txk47/DRTT/loss/loss.py", line 104, in loss
    loss = self.get_ms_ssim_l1_loss(dr, cl) if (self.ms_ssim_l1_loss) else self.get_rec_loss(dr, cl)
  File "/jmain02/home/J2AD007/txk47/zxy40-txk47/DRTT/loss/loss.py", line 74, in get_ms_ssim_l1_loss
Traceback (most recent call last):
  File "main.py", line 82, in <module>
    t.train(current_epoch=epoch, is_init=False)
  File "/jmain02/home/J2AD007/txk47/zxy40-txk47/DRTT/trainer.py", line 198, in train
    self.loss_dict['ms_ssim_l1_loss'] = self.ms_ssim_l1_loss(dr, cl)
  File "/jmain02/home/J2AD007/txk47/zxy40-txk47/miniconda3/envs/DRTT/lib/python3.8/site-packages/torch/nn/modules/module.py", line 1130, in _call_impl
    loss = self.loss.loss(dr, cl_img)
  File "/jmain02/home/J2AD007/txk47/zxy40-txk47/DRTT/loss/loss.py", line 104, in loss
    loss = self.get_ms_ssim_l1_loss(dr, cl) if (self.ms_ssim_l1_loss) else self.get_rec_loss(dr, cl)
  File "/jmain02/home/J2AD007/txk47/zxy40-txk47/DRTT/loss/loss.py", line 74, in get_ms_ssim_l1_loss
    t.train(current_epoch=epoch, is_init=False)
  File "/jmain02/home/J2AD007/txk47/zxy40-txk47/DRTT/trainer.py", line 198, in train
    self.loss_dict['ms_ssim_l1_loss'] = self.ms_ssim_l1_loss(dr, cl)
  File "/jmain02/home/J2AD007/txk47/zxy40-txk47/miniconda3/envs/DRTT/lib/python3.8/site-packages/torch/nn/modules/module.py", line 1130, in _call_impl
    loss = self.loss.loss(dr, cl_img)
  File "/jmain02/home/J2AD007/txk47/zxy40-txk47/DRTT/loss/loss.py", line 104, in loss
    loss = self.get_ms_ssim_l1_loss(dr, cl) if (self.ms_ssim_l1_loss) else self.get_rec_loss(dr, cl)
  File "/jmain02/home/J2AD007/txk47/zxy40-txk47/DRTT/loss/loss.py", line 74, in get_ms_ssim_l1_loss
    self.loss_dict['ms_ssim_l1_loss'] = self.ms_ssim_l1_loss(dr, cl)
  File "/jmain02/home/J2AD007/txk47/zxy40-txk47/miniconda3/envs/DRTT/lib/python3.8/site-packages/torch/nn/modules/module.py", line 1130, in _call_impl
Traceback (most recent call last):
  File "main.py", line 82, in <module>
    t.train(current_epoch=epoch, is_init=False)
  File "/jmain02/home/J2AD007/txk47/zxy40-txk47/DRTT/trainer.py", line 198, in train
    return forward_call(*input, **kwargs)
      File "/jmain02/home/J2AD007/txk47/zxy40-txk47/DRTT/loss/MS_SSIM_L1_loss.py", line 76, in forward
return forward_call(*input, **kwargs)
  File "/jmain02/home/J2AD007/txk47/zxy40-txk47/DRTT/loss/MS_SSIM_L1_loss.py", line 76, in forward
    return forward_call(*input, **kwargs)
  File "/jmain02/home/J2AD007/txk47/zxy40-txk47/DRTT/loss/MS_SSIM_L1_loss.py", line 76, in forward
    return forward_call(*input, **kwargs)
  File "/jmain02/home/J2AD007/txk47/zxy40-txk47/DRTT/loss/MS_SSIM_L1_loss.py", line 76, in forward
    loss = self.loss.loss(dr, cl_img)
  File "/jmain02/home/J2AD007/txk47/zxy40-txk47/DRTT/loss/loss.py", line 104, in loss
    return forward_call(*input, **kwargs)
  File "/jmain02/home/J2AD007/txk47/zxy40-txk47/DRTT/loss/MS_SSIM_L1_loss.py", line 76, in forward
        loss = self.get_ms_ssim_l1_loss(dr, cl) if (self.ms_ssim_l1_loss) else self.get_rec_loss(dr, cl)return forward_call(*input, **kwargs)

  File "/jmain02/home/J2AD007/txk47/zxy40-txk47/DRTT/loss/loss.py", line 74, in get_ms_ssim_l1_loss
  File "/jmain02/home/J2AD007/txk47/zxy40-txk47/DRTT/loss/MS_SSIM_L1_loss.py", line 76, in forward
        self.loss_dict['ms_ssim_l1_loss'] = self.ms_ssim_l1_loss(dr, cl)return forward_call(*input, **kwargs)

  File "/jmain02/home/J2AD007/txk47/zxy40-txk47/miniconda3/envs/DRTT/lib/python3.8/site-packages/torch/nn/modules/module.py", line 1130, in _call_impl
  File "/jmain02/home/J2AD007/txk47/zxy40-txk47/DRTT/loss/MS_SSIM_L1_loss.py", line 76, in forward
    return forward_call(*input, **kwargs)
  File "/jmain02/home/J2AD007/txk47/zxy40-txk47/DRTT/loss/MS_SSIM_L1_loss.py", line 76, in forward
        assert c == self.channelassert c == self.channel

        assert c == self.channelassert c == self.channel

        assert c == self.channelassert c == self.channel

    assert c == self.channel
    assert c == self.channel
AssertionErrorAssertionError

AssertionErrorAssertionError

AssertionErrorAssertionError

AssertionErrorAssertionError

WARNING:torch.distributed.elastic.multiprocessing.api:Sending process 63794 closing signal SIGTERM
ERROR:torch.distributed.elastic.multiprocessing.api:failed (exitcode: 1) local_rank: 0 (pid: 63793) of binary: /jmain02/home/J2AD007/txk47/zxy40-txk47/miniconda3/envs/DRTT/bin/python
Traceback (most recent call last):
  File "/jmain02/home/J2AD007/txk47/zxy40-txk47/miniconda3/envs/DRTT/bin/torchrun", line 8, in <module>
    sys.exit(main())
  File "/jmain02/home/J2AD007/txk47/zxy40-txk47/miniconda3/envs/DRTT/lib/python3.8/site-packages/torch/distributed/elastic/multiprocessing/errors/__init__.py", line 345, in wrapper
    return f(*args, **kwargs)
  File "/jmain02/home/J2AD007/txk47/zxy40-txk47/miniconda3/envs/DRTT/lib/python3.8/site-packages/torch/distributed/run.py", line 761, in main
    run(args)
  File "/jmain02/home/J2AD007/txk47/zxy40-txk47/miniconda3/envs/DRTT/lib/python3.8/site-packages/torch/distributed/run.py", line 752, in run
    elastic_launch(
  File "/jmain02/home/J2AD007/txk47/zxy40-txk47/miniconda3/envs/DRTT/lib/python3.8/site-packages/torch/distributed/launcher/api.py", line 131, in __call__
    return launch_agent(self._config, self._entrypoint, list(args))
  File "/jmain02/home/J2AD007/txk47/zxy40-txk47/miniconda3/envs/DRTT/lib/python3.8/site-packages/torch/distributed/launcher/api.py", line 245, in launch_agent
    raise ChildFailedError(
torch.distributed.elastic.multiprocessing.errors.ChildFailedError: 
============================================================
main.py FAILED
------------------------------------------------------------
Failures:
[1]:
  time      : 2023-07-23_17:22:33
  host      : dgk310.bullx
  rank      : 2 (local_rank: 2)
  exitcode  : 1 (pid: 63795)
  error_file: <N/A>
  traceback : To enable traceback see: https://pytorch.org/docs/stable/elastic/errors.html
[2]:
  time      : 2023-07-23_17:22:33
  host      : dgk310.bullx
  rank      : 3 (local_rank: 3)
  exitcode  : 1 (pid: 63796)
  error_file: <N/A>
  traceback : To enable traceback see: https://pytorch.org/docs/stable/elastic/errors.html
[3]:
  time      : 2023-07-23_17:22:33
  host      : dgk310.bullx
  rank      : 4 (local_rank: 4)
  exitcode  : 1 (pid: 63797)
  error_file: <N/A>
  traceback : To enable traceback see: https://pytorch.org/docs/stable/elastic/errors.html
[4]:
  time      : 2023-07-23_17:22:33
  host      : dgk310.bullx
  rank      : 5 (local_rank: 5)
  exitcode  : 1 (pid: 63798)
  error_file: <N/A>
  traceback : To enable traceback see: https://pytorch.org/docs/stable/elastic/errors.html
[5]:
  time      : 2023-07-23_17:22:33
  host      : dgk310.bullx
  rank      : 6 (local_rank: 6)
  exitcode  : 1 (pid: 63799)
  error_file: <N/A>
  traceback : To enable traceback see: https://pytorch.org/docs/stable/elastic/errors.html
[6]:
  time      : 2023-07-23_17:22:33
  host      : dgk310.bullx
  rank      : 7 (local_rank: 7)
  exitcode  : 1 (pid: 63800)
  error_file: <N/A>
  traceback : To enable traceback see: https://pytorch.org/docs/stable/elastic/errors.html
------------------------------------------------------------
Root Cause (first observed failure):
[0]:
  time      : 2023-07-23_17:22:33
  host      : dgk310.bullx
  rank      : 0 (local_rank: 0)
  exitcode  : 1 (pid: 63793)
  error_file: <N/A>
  traceback : To enable traceback see: https://pytorch.org/docs/stable/elastic/errors.html
============================================================
