WARNING:torch.distributed.run:
*****************************************
Setting OMP_NUM_THREADS environment variable for each process to be 1 in default, to avoid your system being overloaded, please further tune the variable for optimal performance in your application as needed. 
*****************************************
[2023-07-30 21:39:51,056] - [trainer.py file line:165] - INFO: Current epoch: 1
[2023-07-30 21:39:51,066] - [trainer.py file line:166] - INFO: Current epoch learning rate: 1.000000e-05
[2023-07-30 21:47:20,515] - [trainer.py file line:208] - INFO: epoch: 1	 batch: 50
[2023-07-30 21:47:20,613] - [trainer.py file line:213] - INFO: rec_loss: 0.0568565950
[2023-07-30 21:54:37,452] - [trainer.py file line:208] - INFO: epoch: 1	 batch: 100
[2023-07-30 21:54:37,834] - [trainer.py file line:213] - INFO: rec_loss: 0.0393711925
[2023-07-30 21:56:02,573] - [trainer.py file line:227] - INFO: epoch: 1	 DRTT PSNR28.87278485871093	 DRTT SSIM0.9024249667369709
[2023-07-30 21:56:02,573] - [trainer.py file line:228] - INFO: epoch: 1	 Baseline PSNR33.18790383796585	 Baseline SSIM0.9457225759314143
[2023-07-30 21:56:02,574] - [trainer.py file line:165] - INFO: Current epoch: 2
[2023-07-30 21:56:02,574] - [trainer.py file line:166] - INFO: Current epoch learning rate: 1.000000e-05
[2023-07-30 22:03:15,805] - [trainer.py file line:208] - INFO: epoch: 2	 batch: 50
[2023-07-30 22:03:15,947] - [trainer.py file line:213] - INFO: rec_loss: 0.0275964551
[2023-07-30 22:10:33,380] - [trainer.py file line:208] - INFO: epoch: 2	 batch: 100
[2023-07-30 22:10:33,694] - [trainer.py file line:213] - INFO: rec_loss: 0.0267231911
[2023-07-30 22:11:57,864] - [trainer.py file line:227] - INFO: epoch: 2	 DRTT PSNR35.03071585096676	 DRTT SSIM0.9848563852118575
[2023-07-30 22:11:57,864] - [trainer.py file line:228] - INFO: epoch: 2	 Baseline PSNR33.29250398279173	 Baseline SSIM0.9466078676812802
[2023-07-30 22:11:57,865] - [trainer.py file line:165] - INFO: Current epoch: 3
[2023-07-30 22:11:57,865] - [trainer.py file line:166] - INFO: Current epoch learning rate: 1.000000e-05
[2023-07-30 22:19:12,418] - [trainer.py file line:208] - INFO: epoch: 3	 batch: 50
[2023-07-30 22:19:12,731] - [trainer.py file line:213] - INFO: rec_loss: 0.0219925493
[2023-07-30 22:26:38,552] - [trainer.py file line:208] - INFO: epoch: 3	 batch: 100
[2023-07-30 22:26:38,671] - [trainer.py file line:213] - INFO: rec_loss: 0.0282320157
[2023-07-30 22:28:00,988] - [trainer.py file line:227] - INFO: epoch: 3	 DRTT PSNR37.49069215761419	 DRTT SSIM0.9917249494663916
[2023-07-30 22:28:00,988] - [trainer.py file line:228] - INFO: epoch: 3	 Baseline PSNR33.134454597707396	 Baseline SSIM0.9452350494704944
[2023-07-30 22:28:00,989] - [trainer.py file line:165] - INFO: Current epoch: 4
[2023-07-30 22:28:00,989] - [trainer.py file line:166] - INFO: Current epoch learning rate: 1.000000e-05
[2023-07-30 22:35:13,261] - [trainer.py file line:208] - INFO: epoch: 4	 batch: 50
[2023-07-30 22:35:13,451] - [trainer.py file line:213] - INFO: rec_loss: 0.0186693911
[2023-07-30 22:42:30,790] - [trainer.py file line:208] - INFO: epoch: 4	 batch: 100
[2023-07-30 22:42:31,131] - [trainer.py file line:213] - INFO: rec_loss: 0.0211561676
[2023-07-30 22:43:55,312] - [trainer.py file line:227] - INFO: epoch: 4	 DRTT PSNR38.852206084686074	 DRTT SSIM0.9938027954804176
[2023-07-30 22:43:55,312] - [trainer.py file line:228] - INFO: epoch: 4	 Baseline PSNR33.12508287388225	 Baseline SSIM0.9454974377088108
[2023-07-30 22:43:55,313] - [trainer.py file line:165] - INFO: Current epoch: 5
[2023-07-30 22:43:55,313] - [trainer.py file line:166] - INFO: Current epoch learning rate: 1.000000e-05
[2023-07-30 22:51:09,000] - [trainer.py file line:208] - INFO: epoch: 5	 batch: 50
[2023-07-30 22:51:09,271] - [trainer.py file line:213] - INFO: rec_loss: 0.0157738812
[2023-07-30 22:58:39,446] - [trainer.py file line:208] - INFO: epoch: 5	 batch: 100
[2023-07-30 22:58:39,710] - [trainer.py file line:213] - INFO: rec_loss: 0.0191143174
[2023-07-30 23:00:04,470] - [trainer.py file line:227] - INFO: epoch: 5	 DRTT PSNR40.95456112203385	 DRTT SSIM0.9957430071409961
[2023-07-30 23:00:04,605] - [trainer.py file line:228] - INFO: epoch: 5	 Baseline PSNR33.18923496302048	 Baseline SSIM0.9457686290947991
[2023-07-30 23:00:04,606] - [trainer.py file line:232] - INFO: saving the model...
[2023-07-30 23:00:05,566] - [trainer.py file line:245] - INFO: Epoch 5 evaluation process...
[2023-07-30 23:01:21,923] - [trainer.py file line:286] - INFO: Pipeline  PSNR (now): 18.637 	 SSIM (now): 0.6435
[2023-07-30 23:01:21,935] - [trainer.py file line:287] - INFO: baseline  PSNR (now): 32.758 	 SSIM (now): 0.9410
[2023-07-30 23:01:21,939] - [trainer.py file line:297] - INFO: Ref  PSNR improvement (max): 0.000 (0) 	 SSIM improvement (max): 0.0000 (0)
[2023-07-30 23:01:21,939] - [trainer.py file line:301] - INFO: Evaluation over.
[2023-07-30 23:01:25,495] - [trainer.py file line:165] - INFO: Current epoch: 6
[2023-07-30 23:01:25,496] - [trainer.py file line:166] - INFO: Current epoch learning rate: 1.000000e-05
[2023-07-30 23:08:38,696] - [trainer.py file line:208] - INFO: epoch: 6	 batch: 50
[2023-07-30 23:08:39,059] - [trainer.py file line:213] - INFO: rec_loss: 0.0186395459
[2023-07-30 23:15:55,818] - [trainer.py file line:208] - INFO: epoch: 6	 batch: 100
[2023-07-30 23:15:56,305] - [trainer.py file line:213] - INFO: rec_loss: 0.0147097670
[2023-07-30 23:17:19,430] - [trainer.py file line:227] - INFO: epoch: 6	 DRTT PSNR41.30367582254945	 DRTT SSIM0.9963602498352575
[2023-07-30 23:17:19,430] - [trainer.py file line:228] - INFO: epoch: 6	 Baseline PSNR33.210790830945804	 Baseline SSIM0.9457835466704962
[2023-07-30 23:17:19,432] - [trainer.py file line:165] - INFO: Current epoch: 7
[2023-07-30 23:17:19,432] - [trainer.py file line:166] - INFO: Current epoch learning rate: 1.000000e-05
[2023-07-30 23:24:31,102] - [trainer.py file line:208] - INFO: epoch: 7	 batch: 50
[2023-07-30 23:24:31,434] - [trainer.py file line:213] - INFO: rec_loss: 0.0119563937
[2023-07-30 23:31:46,194] - [trainer.py file line:208] - INFO: epoch: 7	 batch: 100
[2023-07-30 23:31:46,417] - [trainer.py file line:213] - INFO: rec_loss: 0.0138051501
[2023-07-30 23:33:10,178] - [trainer.py file line:227] - INFO: epoch: 7	 DRTT PSNR42.757797739046815	 DRTT SSIM0.9969596464157116
[2023-07-30 23:33:10,179] - [trainer.py file line:228] - INFO: epoch: 7	 Baseline PSNR33.2902210709985	 Baseline SSIM0.9467104114550076
[2023-07-30 23:33:10,180] - [trainer.py file line:165] - INFO: Current epoch: 8
[2023-07-30 23:33:10,180] - [trainer.py file line:166] - INFO: Current epoch learning rate: 1.000000e-05
[2023-07-30 23:40:21,670] - [trainer.py file line:208] - INFO: epoch: 8	 batch: 50
[2023-07-30 23:40:21,982] - [trainer.py file line:213] - INFO: rec_loss: 0.0143920742
[2023-07-30 23:47:41,467] - [trainer.py file line:208] - INFO: epoch: 8	 batch: 100
[2023-07-30 23:47:41,730] - [trainer.py file line:213] - INFO: rec_loss: 0.0130198337
[2023-07-30 23:49:05,920] - [trainer.py file line:227] - INFO: epoch: 8	 DRTT PSNR42.31447007202409	 DRTT SSIM0.99713138774869
[2023-07-30 23:49:05,920] - [trainer.py file line:228] - INFO: epoch: 8	 Baseline PSNR33.25874254908097	 Baseline SSIM0.9464674625571271
[2023-07-30 23:49:05,922] - [trainer.py file line:165] - INFO: Current epoch: 9
[2023-07-30 23:49:05,922] - [trainer.py file line:166] - INFO: Current epoch learning rate: 1.000000e-05
[2023-07-30 23:56:14,205] - [trainer.py file line:208] - INFO: epoch: 9	 batch: 50
[2023-07-30 23:56:14,410] - [trainer.py file line:213] - INFO: rec_loss: 0.0094068442
[2023-07-31 00:03:29,234] - [trainer.py file line:208] - INFO: epoch: 9	 batch: 100
[2023-07-31 00:03:29,321] - [trainer.py file line:213] - INFO: rec_loss: 0.0121417493
[2023-07-31 00:04:53,582] - [trainer.py file line:227] - INFO: epoch: 9	 DRTT PSNR43.81675704929722	 DRTT SSIM0.9974925994827767
[2023-07-31 00:04:53,604] - [trainer.py file line:228] - INFO: epoch: 9	 Baseline PSNR33.18444370596778	 Baseline SSIM0.9451470464891527
[2023-07-31 00:04:53,606] - [trainer.py file line:165] - INFO: Current epoch: 10
[2023-07-31 00:04:53,606] - [trainer.py file line:166] - INFO: Current epoch learning rate: 1.000000e-05
[2023-07-31 00:12:14,230] - [trainer.py file line:208] - INFO: epoch: 10	 batch: 50
[2023-07-31 00:12:14,281] - [trainer.py file line:211] - INFO: ms_ssim_l1_loss: 6.6488885880
[2023-07-31 00:19:39,403] - [trainer.py file line:208] - INFO: epoch: 10	 batch: 100
[2023-07-31 00:19:39,577] - [trainer.py file line:211] - INFO: ms_ssim_l1_loss: 5.9244213104
[2023-07-31 00:21:10,202] - [trainer.py file line:227] - INFO: epoch: 10	 DRTT PSNR30.49602147884156	 DRTT SSIM0.9127478135973768
[2023-07-31 00:21:10,203] - [trainer.py file line:228] - INFO: epoch: 10	 Baseline PSNR33.198032992674506	 Baseline SSIM0.9459964316293521
[2023-07-31 00:21:10,203] - [trainer.py file line:232] - INFO: saving the model...
[2023-07-31 00:21:11,076] - [trainer.py file line:245] - INFO: Epoch 10 evaluation process...
[2023-07-31 00:22:29,299] - [trainer.py file line:286] - INFO: Pipeline  PSNR (now): 32.095 	 SSIM (now): 0.9381
[2023-07-31 00:22:29,347] - [trainer.py file line:287] - INFO: baseline  PSNR (now): 32.796 	 SSIM (now): 0.9415
[2023-07-31 00:22:29,358] - [trainer.py file line:297] - INFO: Ref  PSNR improvement (max): 0.000 (0) 	 SSIM improvement (max): 0.0000 (0)
[2023-07-31 00:22:29,358] - [trainer.py file line:301] - INFO: Evaluation over.
[2023-07-31 00:22:30,522] - [trainer.py file line:165] - INFO: Current epoch: 11
[2023-07-31 00:22:30,522] - [trainer.py file line:166] - INFO: Current epoch learning rate: 1.000000e-05
[2023-07-31 00:29:51,463] - [trainer.py file line:208] - INFO: epoch: 11	 batch: 50
[2023-07-31 00:29:51,610] - [trainer.py file line:211] - INFO: ms_ssim_l1_loss: 4.9339437485
[2023-07-31 00:37:07,433] - [trainer.py file line:208] - INFO: epoch: 11	 batch: 100
[2023-07-31 00:37:07,675] - [trainer.py file line:211] - INFO: ms_ssim_l1_loss: 5.8543462753
[2023-07-31 00:38:34,495] - [trainer.py file line:227] - INFO: epoch: 11	 DRTT PSNR32.68896475443973	 DRTT SSIM0.9436844867859128
[2023-07-31 00:38:34,575] - [trainer.py file line:228] - INFO: epoch: 11	 Baseline PSNR33.18100137776934	 Baseline SSIM0.9457818315287657
[2023-07-31 00:38:34,576] - [trainer.py file line:165] - INFO: Current epoch: 12
[2023-07-31 00:38:34,579] - [trainer.py file line:166] - INFO: Current epoch learning rate: 1.000000e-05
[2023-07-31 00:45:45,305] - [trainer.py file line:208] - INFO: epoch: 12	 batch: 50
[2023-07-31 00:45:45,580] - [trainer.py file line:211] - INFO: ms_ssim_l1_loss: 5.8934550285
[2023-07-31 00:53:14,392] - [trainer.py file line:208] - INFO: epoch: 12	 batch: 100
[2023-07-31 00:53:14,560] - [trainer.py file line:211] - INFO: ms_ssim_l1_loss: 4.9856090546
[2023-07-31 00:54:37,289] - [trainer.py file line:227] - INFO: epoch: 12	 DRTT PSNR33.09577364123365	 DRTT SSIM0.9453262295525157
[2023-07-31 00:54:37,289] - [trainer.py file line:228] - INFO: epoch: 12	 Baseline PSNR33.31639449047561	 Baseline SSIM0.94643439838236
[2023-07-31 00:54:37,291] - [trainer.py file line:165] - INFO: Current epoch: 13
[2023-07-31 00:54:37,291] - [trainer.py file line:166] - INFO: Current epoch learning rate: 1.000000e-05
[2023-07-31 01:01:50,320] - [trainer.py file line:208] - INFO: epoch: 13	 batch: 50
[2023-07-31 01:01:50,541] - [trainer.py file line:211] - INFO: ms_ssim_l1_loss: 4.7523536682
[2023-07-31 01:09:16,056] - [trainer.py file line:208] - INFO: epoch: 13	 batch: 100
[2023-07-31 01:09:16,256] - [trainer.py file line:211] - INFO: ms_ssim_l1_loss: 6.8648953438
[2023-07-31 01:10:45,936] - [trainer.py file line:227] - INFO: epoch: 13	 DRTT PSNR33.14585649377057	 DRTT SSIM0.9460857543558872
[2023-07-31 01:10:45,936] - [trainer.py file line:228] - INFO: epoch: 13	 Baseline PSNR33.280858526217784	 Baseline SSIM0.946866793348318
[2023-07-31 01:10:45,937] - [trainer.py file line:165] - INFO: Current epoch: 14
[2023-07-31 01:10:45,937] - [trainer.py file line:166] - INFO: Current epoch learning rate: 1.000000e-05
[2023-07-31 01:18:05,961] - [trainer.py file line:208] - INFO: epoch: 14	 batch: 50
[2023-07-31 01:18:06,312] - [trainer.py file line:211] - INFO: ms_ssim_l1_loss: 4.4177393913
[2023-07-31 01:25:29,043] - [trainer.py file line:208] - INFO: epoch: 14	 batch: 100
[2023-07-31 01:25:29,305] - [trainer.py file line:211] - INFO: ms_ssim_l1_loss: 5.7275996208
[2023-07-31 01:26:56,652] - [trainer.py file line:227] - INFO: epoch: 14	 DRTT PSNR33.31396803638288	 DRTT SSIM0.9464731714990138
[2023-07-31 01:26:56,652] - [trainer.py file line:228] - INFO: epoch: 14	 Baseline PSNR33.44897302124973	 Baseline SSIM0.9471376192480967
[2023-07-31 01:26:56,654] - [trainer.py file line:165] - INFO: Current epoch: 15
[2023-07-31 01:26:56,654] - [trainer.py file line:166] - INFO: Current epoch learning rate: 1.000000e-05
[2023-07-31 01:34:17,782] - [trainer.py file line:208] - INFO: epoch: 15	 batch: 50
[2023-07-31 01:34:18,018] - [trainer.py file line:211] - INFO: ms_ssim_l1_loss: 5.3470230103
[2023-07-31 01:41:39,479] - [trainer.py file line:208] - INFO: epoch: 15	 batch: 100
[2023-07-31 01:41:39,770] - [trainer.py file line:211] - INFO: ms_ssim_l1_loss: 5.9865617752
[2023-07-31 01:43:08,885] - [trainer.py file line:227] - INFO: epoch: 15	 DRTT PSNR33.256632895085524	 DRTT SSIM0.9462085661093557
[2023-07-31 01:43:08,885] - [trainer.py file line:228] - INFO: epoch: 15	 Baseline PSNR33.32584250626535	 Baseline SSIM0.9467042821536157
[2023-07-31 01:43:08,885] - [trainer.py file line:232] - INFO: saving the model...
[2023-07-31 01:43:09,274] - [trainer.py file line:245] - INFO: Epoch 15 evaluation process...
[2023-07-31 01:44:26,762] - [trainer.py file line:286] - INFO: Pipeline  PSNR (now): 32.778 	 SSIM (now): 0.9402
[2023-07-31 01:44:26,806] - [trainer.py file line:287] - INFO: baseline  PSNR (now): 32.831 	 SSIM (now): 0.9405
[2023-07-31 01:44:26,837] - [trainer.py file line:297] - INFO: Ref  PSNR improvement (max): 0.000 (0) 	 SSIM improvement (max): 0.0000 (0)
[2023-07-31 01:44:26,837] - [trainer.py file line:301] - INFO: Evaluation over.
[2023-07-31 01:44:27,979] - [trainer.py file line:165] - INFO: Current epoch: 16
[2023-07-31 01:44:27,979] - [trainer.py file line:166] - INFO: Current epoch learning rate: 1.000000e-05
[2023-07-31 01:52:16,302] - [trainer.py file line:208] - INFO: epoch: 16	 batch: 50
[2023-07-31 01:52:16,595] - [trainer.py file line:211] - INFO: ms_ssim_l1_loss: 6.7930302620
[2023-07-31 01:59:35,506] - [trainer.py file line:208] - INFO: epoch: 16	 batch: 100
[2023-07-31 01:59:35,726] - [trainer.py file line:211] - INFO: ms_ssim_l1_loss: 6.1977005005
[2023-07-31 02:01:01,553] - [trainer.py file line:227] - INFO: epoch: 16	 DRTT PSNR33.10191083908808	 DRTT SSIM0.9452218615526088
[2023-07-31 02:01:01,622] - [trainer.py file line:228] - INFO: epoch: 16	 Baseline PSNR33.17905831060411	 Baseline SSIM0.9456790697362935
[2023-07-31 02:01:01,623] - [trainer.py file line:165] - INFO: Current epoch: 17
[2023-07-31 02:01:01,629] - [trainer.py file line:166] - INFO: Current epoch learning rate: 1.000000e-05
[2023-07-31 02:08:14,620] - [trainer.py file line:208] - INFO: epoch: 17	 batch: 50
[2023-07-31 02:08:14,858] - [trainer.py file line:211] - INFO: ms_ssim_l1_loss: 5.7618031502
[2023-07-31 02:15:37,427] - [trainer.py file line:208] - INFO: epoch: 17	 batch: 100
[2023-07-31 02:15:37,670] - [trainer.py file line:211] - INFO: ms_ssim_l1_loss: 5.9206638336
[2023-07-31 02:17:00,877] - [trainer.py file line:227] - INFO: epoch: 17	 DRTT PSNR33.24133609745876	 DRTT SSIM0.9459197175495825
[2023-07-31 02:17:00,878] - [trainer.py file line:228] - INFO: epoch: 17	 Baseline PSNR33.29910319729901	 Baseline SSIM0.946264869214015
[2023-07-31 02:17:00,879] - [trainer.py file line:165] - INFO: Current epoch: 18
[2023-07-31 02:17:00,879] - [trainer.py file line:166] - INFO: Current epoch learning rate: 1.000000e-05
[2023-07-31 02:24:16,416] - [trainer.py file line:208] - INFO: epoch: 18	 batch: 50
[2023-07-31 02:24:16,774] - [trainer.py file line:211] - INFO: ms_ssim_l1_loss: 7.1509447098
[2023-07-31 02:31:35,833] - [trainer.py file line:208] - INFO: epoch: 18	 batch: 100
[2023-07-31 02:31:36,040] - [trainer.py file line:211] - INFO: ms_ssim_l1_loss: 4.3327536583
[2023-07-31 02:33:00,986] - [trainer.py file line:227] - INFO: epoch: 18	 DRTT PSNR33.18902343866261	 DRTT SSIM0.946189108859264
[2023-07-31 02:33:00,987] - [trainer.py file line:228] - INFO: epoch: 18	 Baseline PSNR33.23460774096221	 Baseline SSIM0.9464845492439844
[2023-07-31 02:33:00,989] - [trainer.py file line:165] - INFO: Current epoch: 19
[2023-07-31 02:33:00,989] - [trainer.py file line:166] - INFO: Current epoch learning rate: 1.000000e-05
[2023-07-31 02:40:11,068] - [trainer.py file line:208] - INFO: epoch: 19	 batch: 50
[2023-07-31 02:40:11,388] - [trainer.py file line:211] - INFO: ms_ssim_l1_loss: 5.8780374527
[2023-07-31 02:47:28,121] - [trainer.py file line:208] - INFO: epoch: 19	 batch: 100
[2023-07-31 02:47:28,268] - [trainer.py file line:211] - INFO: ms_ssim_l1_loss: 6.3865642548
[2023-07-31 02:48:52,726] - [trainer.py file line:227] - INFO: epoch: 19	 DRTT PSNR33.04439196258626	 DRTT SSIM0.9442085951625608
[2023-07-31 02:48:52,777] - [trainer.py file line:228] - INFO: epoch: 19	 Baseline PSNR33.066640269811614	 Baseline SSIM0.9444412745205628
[2023-07-31 02:48:52,778] - [trainer.py file line:165] - INFO: Current epoch: 20
[2023-07-31 02:48:52,793] - [trainer.py file line:166] - INFO: Current epoch learning rate: 1.000000e-05
[2023-07-31 02:56:13,368] - [trainer.py file line:208] - INFO: epoch: 20	 batch: 50
[2023-07-31 02:56:13,490] - [trainer.py file line:211] - INFO: ms_ssim_l1_loss: 5.7036600113
[2023-07-31 03:03:35,815] - [trainer.py file line:208] - INFO: epoch: 20	 batch: 100
[2023-07-31 03:03:35,996] - [trainer.py file line:211] - INFO: ms_ssim_l1_loss: 4.6993894577
[2023-07-31 03:04:59,384] - [trainer.py file line:227] - INFO: epoch: 20	 DRTT PSNR32.960893471066576	 DRTT SSIM0.9441240666942086
[2023-07-31 03:04:59,384] - [trainer.py file line:228] - INFO: epoch: 20	 Baseline PSNR33.01377359445883	 Baseline SSIM0.944354744187285
[2023-07-31 03:04:59,384] - [trainer.py file line:232] - INFO: saving the model...
[2023-07-31 03:05:00,118] - [trainer.py file line:245] - INFO: Epoch 20 evaluation process...
[2023-07-31 03:06:17,927] - [trainer.py file line:286] - INFO: Pipeline  PSNR (now): 32.489 	 SSIM (now): 0.9397
[2023-07-31 03:06:17,987] - [trainer.py file line:287] - INFO: baseline  PSNR (now): 32.448 	 SSIM (now): 0.9398
[2023-07-31 03:06:17,998] - [trainer.py file line:297] - INFO: Ref  PSNR improvement (max): 0.041 (20) 	 SSIM improvement (max): 0.0000 (0)
[2023-07-31 03:06:17,998] - [trainer.py file line:301] - INFO: Evaluation over.
[2023-07-31 03:06:19,077] - [trainer.py file line:165] - INFO: Current epoch: 21
[2023-07-31 03:06:19,077] - [trainer.py file line:166] - INFO: Current epoch learning rate: 1.000000e-05
[2023-07-31 03:13:34,267] - [trainer.py file line:208] - INFO: epoch: 21	 batch: 50
[2023-07-31 03:13:34,506] - [trainer.py file line:211] - INFO: ms_ssim_l1_loss: 4.7578606606
[2023-07-31 03:20:50,699] - [trainer.py file line:208] - INFO: epoch: 21	 batch: 100
[2023-07-31 03:20:50,967] - [trainer.py file line:211] - INFO: ms_ssim_l1_loss: 5.1829414368
[2023-07-31 03:22:16,426] - [trainer.py file line:227] - INFO: epoch: 21	 DRTT PSNR33.25212343930115	 DRTT SSIM0.947099717317494
[2023-07-31 03:22:16,426] - [trainer.py file line:228] - INFO: epoch: 21	 Baseline PSNR33.255257478210126	 Baseline SSIM0.9472901794593371
[2023-07-31 03:22:16,427] - [trainer.py file line:165] - INFO: Current epoch: 22
[2023-07-31 03:22:16,427] - [trainer.py file line:166] - INFO: Current epoch learning rate: 1.000000e-05
[2023-07-31 03:29:34,301] - [trainer.py file line:208] - INFO: epoch: 22	 batch: 50
[2023-07-31 03:29:34,565] - [trainer.py file line:211] - INFO: ms_ssim_l1_loss: 4.7120780945
[2023-07-31 03:36:50,335] - [trainer.py file line:208] - INFO: epoch: 22	 batch: 100
[2023-07-31 03:36:50,604] - [trainer.py file line:211] - INFO: ms_ssim_l1_loss: 6.4672169685
[2023-07-31 03:38:17,095] - [trainer.py file line:227] - INFO: epoch: 22	 DRTT PSNR33.34446219656849	 DRTT SSIM0.946454321070114
[2023-07-31 03:38:17,119] - [trainer.py file line:228] - INFO: epoch: 22	 Baseline PSNR33.32767039025252	 Baseline SSIM0.9465981424900438
[2023-07-31 03:38:17,121] - [trainer.py file line:165] - INFO: Current epoch: 23
[2023-07-31 03:38:17,121] - [trainer.py file line:166] - INFO: Current epoch learning rate: 1.000000e-05
[2023-07-31 03:45:41,973] - [trainer.py file line:208] - INFO: epoch: 23	 batch: 50
[2023-07-31 03:45:42,243] - [trainer.py file line:211] - INFO: ms_ssim_l1_loss: 5.4749464989
[2023-07-31 03:53:15,926] - [trainer.py file line:208] - INFO: epoch: 23	 batch: 100
[2023-07-31 03:53:16,074] - [trainer.py file line:211] - INFO: ms_ssim_l1_loss: 5.7335414886
[2023-07-31 03:54:42,675] - [trainer.py file line:227] - INFO: epoch: 23	 DRTT PSNR33.12811956565677	 DRTT SSIM0.9450740592296406
[2023-07-31 03:54:42,752] - [trainer.py file line:228] - INFO: epoch: 23	 Baseline PSNR33.09344362311443	 Baseline SSIM0.945153305381266
[2023-07-31 03:54:42,753] - [trainer.py file line:165] - INFO: Current epoch: 24
[2023-07-31 03:54:42,764] - [trainer.py file line:166] - INFO: Current epoch learning rate: 1.000000e-05
[2023-07-31 04:01:57,722] - [trainer.py file line:208] - INFO: epoch: 24	 batch: 50
[2023-07-31 04:01:57,880] - [trainer.py file line:211] - INFO: ms_ssim_l1_loss: 5.4638404846
[2023-07-31 04:09:26,779] - [trainer.py file line:208] - INFO: epoch: 24	 batch: 100
[2023-07-31 04:09:27,027] - [trainer.py file line:211] - INFO: ms_ssim_l1_loss: 4.2722272873
[2023-07-31 04:10:50,725] - [trainer.py file line:227] - INFO: epoch: 24	 DRTT PSNR33.226566120715916	 DRTT SSIM0.9454390754894682
[2023-07-31 04:10:50,725] - [trainer.py file line:228] - INFO: epoch: 24	 Baseline PSNR33.18786152702136	 Baseline SSIM0.945477562426043
[2023-07-31 04:10:50,726] - [trainer.py file line:165] - INFO: Current epoch: 25
[2023-07-31 04:10:50,726] - [trainer.py file line:166] - INFO: Current epoch learning rate: 1.000000e-05
[2023-07-31 04:18:06,176] - [trainer.py file line:208] - INFO: epoch: 25	 batch: 50
[2023-07-31 04:18:06,583] - [trainer.py file line:211] - INFO: ms_ssim_l1_loss: 5.0662393570
[2023-07-31 04:25:27,571] - [trainer.py file line:208] - INFO: epoch: 25	 batch: 100
[2023-07-31 04:25:27,897] - [trainer.py file line:211] - INFO: ms_ssim_l1_loss: 6.2593469620
[2023-07-31 04:26:50,666] - [trainer.py file line:227] - INFO: epoch: 25	 DRTT PSNR33.17702706824753	 DRTT SSIM0.945548123586775
[2023-07-31 04:26:50,666] - [trainer.py file line:228] - INFO: epoch: 25	 Baseline PSNR33.144241952753745	 Baseline SSIM0.9455895599305914
[2023-07-31 04:26:50,666] - [trainer.py file line:232] - INFO: saving the model...
[2023-07-31 04:26:51,321] - [trainer.py file line:245] - INFO: Epoch 25 evaluation process...
[2023-07-31 04:28:10,254] - [trainer.py file line:286] - INFO: Pipeline  PSNR (now): 33.307 	 SSIM (now): 0.9455
[2023-07-31 04:28:10,379] - [trainer.py file line:287] - INFO: baseline  PSNR (now): 33.222 	 SSIM (now): 0.9455
[2023-07-31 04:28:10,379] - [trainer.py file line:297] - INFO: Ref  PSNR improvement (max): 0.085 (25) 	 SSIM improvement (max): 0.0000 (0)
[2023-07-31 04:28:10,380] - [trainer.py file line:301] - INFO: Evaluation over.
[2023-07-31 04:28:10,408] - [trainer.py file line:165] - INFO: Current epoch: 26
[2023-07-31 04:28:10,408] - [trainer.py file line:166] - INFO: Current epoch learning rate: 1.000000e-05
[2023-07-31 04:35:28,165] - [trainer.py file line:208] - INFO: epoch: 26	 batch: 50
[2023-07-31 04:35:28,487] - [trainer.py file line:211] - INFO: ms_ssim_l1_loss: 4.5782117844
[2023-07-31 04:42:51,546] - [trainer.py file line:208] - INFO: epoch: 26	 batch: 100
[2023-07-31 04:42:51,799] - [trainer.py file line:211] - INFO: ms_ssim_l1_loss: 5.6347427368
[2023-07-31 04:44:15,775] - [trainer.py file line:227] - INFO: epoch: 26	 DRTT PSNR33.00483319300731	 DRTT SSIM0.9441590695171713
[2023-07-31 04:44:15,816] - [trainer.py file line:228] - INFO: epoch: 26	 Baseline PSNR33.00662013712266	 Baseline SSIM0.9442203402023369
[2023-07-31 04:44:15,817] - [trainer.py file line:165] - INFO: Current epoch: 27
[2023-07-31 04:44:15,821] - [trainer.py file line:166] - INFO: Current epoch learning rate: 1.000000e-05
[2023-07-31 04:51:30,843] - [trainer.py file line:208] - INFO: epoch: 27	 batch: 50
[2023-07-31 04:51:31,041] - [trainer.py file line:211] - INFO: ms_ssim_l1_loss: 5.9940290451
[2023-07-31 04:58:47,257] - [trainer.py file line:208] - INFO: epoch: 27	 batch: 100
[2023-07-31 04:58:47,308] - [trainer.py file line:211] - INFO: ms_ssim_l1_loss: 6.3355565071
[2023-07-31 05:00:12,832] - [trainer.py file line:227] - INFO: epoch: 27	 DRTT PSNR33.33624807440193	 DRTT SSIM0.946625808887929
[2023-07-31 05:00:12,833] - [trainer.py file line:228] - INFO: epoch: 27	 Baseline PSNR33.28564927237694	 Baseline SSIM0.9466310918139382
[2023-07-31 05:00:12,834] - [trainer.py file line:165] - INFO: Current epoch: 28
[2023-07-31 05:00:12,834] - [trainer.py file line:166] - INFO: Current epoch learning rate: 1.000000e-05
[2023-07-31 05:07:34,182] - [trainer.py file line:208] - INFO: epoch: 28	 batch: 50
[2023-07-31 05:07:34,470] - [trainer.py file line:211] - INFO: ms_ssim_l1_loss: 5.5818157196
[2023-07-31 05:14:48,861] - [trainer.py file line:208] - INFO: epoch: 28	 batch: 100
[2023-07-31 05:14:49,224] - [trainer.py file line:211] - INFO: ms_ssim_l1_loss: 4.9680099487
[2023-07-31 05:16:13,006] - [trainer.py file line:227] - INFO: epoch: 28	 DRTT PSNR33.27079724592791	 DRTT SSIM0.946701471624298
[2023-07-31 05:16:13,007] - [trainer.py file line:228] - INFO: epoch: 28	 Baseline PSNR33.25031813617576	 Baseline SSIM0.946676053530891
[2023-07-31 05:16:13,008] - [trainer.py file line:165] - INFO: Current epoch: 29
[2023-07-31 05:16:13,008] - [trainer.py file line:166] - INFO: Current epoch learning rate: 1.000000e-05
[2023-07-31 05:23:23,751] - [trainer.py file line:208] - INFO: epoch: 29	 batch: 50
[2023-07-31 05:23:23,905] - [trainer.py file line:211] - INFO: ms_ssim_l1_loss: 3.6601433754
[2023-07-31 05:30:36,525] - [trainer.py file line:208] - INFO: epoch: 29	 batch: 100
[2023-07-31 05:30:36,752] - [trainer.py file line:211] - INFO: ms_ssim_l1_loss: 5.5181188583
[2023-07-31 05:31:59,080] - [trainer.py file line:227] - INFO: epoch: 29	 DRTT PSNR33.318224665355025	 DRTT SSIM0.945792608212488
[2023-07-31 05:31:59,081] - [trainer.py file line:228] - INFO: epoch: 29	 Baseline PSNR33.24008064714155	 Baseline SSIM0.9456961147335655
[2023-07-31 05:31:59,082] - [trainer.py file line:165] - INFO: Current epoch: 30
[2023-07-31 05:31:59,082] - [trainer.py file line:166] - INFO: Current epoch learning rate: 1.000000e-05
[2023-07-31 05:39:11,699] - [trainer.py file line:208] - INFO: epoch: 30	 batch: 50
[2023-07-31 05:39:12,000] - [trainer.py file line:211] - INFO: ms_ssim_l1_loss: 6.6821947098
[2023-07-31 05:46:25,623] - [trainer.py file line:208] - INFO: epoch: 30	 batch: 100
[2023-07-31 05:46:25,880] - [trainer.py file line:211] - INFO: ms_ssim_l1_loss: 5.1886935234
[2023-07-31 05:47:49,029] - [trainer.py file line:227] - INFO: epoch: 30	 DRTT PSNR33.321221620737944	 DRTT SSIM0.9460721084490384
[2023-07-31 05:47:49,030] - [trainer.py file line:228] - INFO: epoch: 30	 Baseline PSNR33.273271506152305	 Baseline SSIM0.9459791233315945
[2023-07-31 05:47:49,030] - [trainer.py file line:232] - INFO: saving the model...
[2023-07-31 05:47:49,738] - [trainer.py file line:245] - INFO: Epoch 30 evaluation process...
[2023-07-31 05:49:09,104] - [trainer.py file line:286] - INFO: Pipeline  PSNR (now): 32.775 	 SSIM (now): 0.9398
[2023-07-31 05:49:09,115] - [trainer.py file line:287] - INFO: baseline  PSNR (now): 32.668 	 SSIM (now): 0.9397
[2023-07-31 05:49:09,115] - [trainer.py file line:297] - INFO: Ref  PSNR improvement (max): 0.107 (30) 	 SSIM improvement (max): 0.0001 (30)
[2023-07-31 05:49:09,115] - [trainer.py file line:301] - INFO: Evaluation over.
[2023-07-31 05:49:11,376] - [trainer.py file line:165] - INFO: Current epoch: 31
[2023-07-31 05:49:11,376] - [trainer.py file line:166] - INFO: Current epoch learning rate: 1.000000e-05
[2023-07-31 05:56:30,633] - [trainer.py file line:208] - INFO: epoch: 31	 batch: 50
[2023-07-31 05:56:30,870] - [trainer.py file line:211] - INFO: ms_ssim_l1_loss: 5.2272028923
[2023-07-31 06:03:49,028] - [trainer.py file line:208] - INFO: epoch: 31	 batch: 100
[2023-07-31 06:03:49,284] - [trainer.py file line:211] - INFO: ms_ssim_l1_loss: 6.1393761635
[2023-07-31 06:05:13,942] - [trainer.py file line:227] - INFO: epoch: 31	 DRTT PSNR33.382684196358355	 DRTT SSIM0.946571456534457
[2023-07-31 06:05:13,942] - [trainer.py file line:228] - INFO: epoch: 31	 Baseline PSNR33.2929929223641	 Baseline SSIM0.946469370106212
[2023-07-31 06:05:13,944] - [trainer.py file line:165] - INFO: Current epoch: 32
[2023-07-31 06:05:13,944] - [trainer.py file line:166] - INFO: Current epoch learning rate: 1.000000e-05
[2023-07-31 06:12:27,285] - [trainer.py file line:208] - INFO: epoch: 32	 batch: 50
[2023-07-31 06:12:27,407] - [trainer.py file line:211] - INFO: ms_ssim_l1_loss: 5.9986114502
[2023-07-31 06:19:45,141] - [trainer.py file line:208] - INFO: epoch: 32	 batch: 100
[2023-07-31 06:19:45,381] - [trainer.py file line:211] - INFO: ms_ssim_l1_loss: 4.5678539276
[2023-07-31 06:21:11,779] - [trainer.py file line:227] - INFO: epoch: 32	 DRTT PSNR33.30220519588817	 DRTT SSIM0.9463632576812006
[2023-07-31 06:21:11,780] - [trainer.py file line:228] - INFO: epoch: 32	 Baseline PSNR33.25498759640753	 Baseline SSIM0.9462655813107607
[2023-07-31 06:21:11,781] - [trainer.py file line:165] - INFO: Current epoch: 33
[2023-07-31 06:21:11,781] - [trainer.py file line:166] - INFO: Current epoch learning rate: 1.000000e-05
[2023-07-31 06:28:26,299] - [trainer.py file line:208] - INFO: epoch: 33	 batch: 50
[2023-07-31 06:28:26,452] - [trainer.py file line:211] - INFO: ms_ssim_l1_loss: 4.1455020905
[2023-07-31 06:35:44,608] - [trainer.py file line:208] - INFO: epoch: 33	 batch: 100
[2023-07-31 06:35:44,646] - [trainer.py file line:211] - INFO: ms_ssim_l1_loss: 6.1256637573
[2023-07-31 06:37:10,820] - [trainer.py file line:227] - INFO: epoch: 33	 DRTT PSNR33.544939815899134	 DRTT SSIM0.948295710784331
[2023-07-31 06:37:10,821] - [trainer.py file line:228] - INFO: epoch: 33	 Baseline PSNR33.44868353736596	 Baseline SSIM0.948142684632977
[2023-07-31 06:37:10,822] - [trainer.py file line:165] - INFO: Current epoch: 34
[2023-07-31 06:37:10,822] - [trainer.py file line:166] - INFO: Current epoch learning rate: 1.000000e-05
[2023-07-31 06:44:22,950] - [trainer.py file line:208] - INFO: epoch: 34	 batch: 50
[2023-07-31 06:44:23,015] - [trainer.py file line:211] - INFO: ms_ssim_l1_loss: 6.3055453300
[2023-07-31 06:51:45,687] - [trainer.py file line:208] - INFO: epoch: 34	 batch: 100
[2023-07-31 06:51:45,801] - [trainer.py file line:211] - INFO: ms_ssim_l1_loss: 6.2089920044
[2023-07-31 06:53:08,695] - [trainer.py file line:227] - INFO: epoch: 34	 DRTT PSNR33.234924915874345	 DRTT SSIM0.9459547030666252
[2023-07-31 06:53:08,695] - [trainer.py file line:228] - INFO: epoch: 34	 Baseline PSNR33.18299199089786	 Baseline SSIM0.9458149342746297
[2023-07-31 06:53:08,696] - [trainer.py file line:165] - INFO: Current epoch: 35
[2023-07-31 06:53:08,696] - [trainer.py file line:166] - INFO: Current epoch learning rate: 1.000000e-05
[2023-07-31 07:00:27,965] - [trainer.py file line:208] - INFO: epoch: 35	 batch: 50
[2023-07-31 07:00:28,158] - [trainer.py file line:211] - INFO: ms_ssim_l1_loss: 6.6167516708
[2023-07-31 07:07:44,681] - [trainer.py file line:208] - INFO: epoch: 35	 batch: 100
[2023-07-31 07:07:44,981] - [trainer.py file line:211] - INFO: ms_ssim_l1_loss: 6.9032635689
[2023-07-31 07:09:10,177] - [trainer.py file line:227] - INFO: epoch: 35	 DRTT PSNR33.204003867184376	 DRTT SSIM0.9452729663336934
[2023-07-31 07:09:10,245] - [trainer.py file line:228] - INFO: epoch: 35	 Baseline PSNR33.11525402111138	 Baseline SSIM0.9450767871016206
[2023-07-31 07:09:10,245] - [trainer.py file line:232] - INFO: saving the model...
[2023-07-31 07:09:10,870] - [trainer.py file line:245] - INFO: Epoch 35 evaluation process...
[2023-07-31 07:10:28,970] - [trainer.py file line:286] - INFO: Pipeline  PSNR (now): 32.713 	 SSIM (now): 0.9389
[2023-07-31 07:10:28,992] - [trainer.py file line:287] - INFO: baseline  PSNR (now): 32.720 	 SSIM (now): 0.9390
[2023-07-31 07:10:28,992] - [trainer.py file line:297] - INFO: Ref  PSNR improvement (max): 0.107 (30) 	 SSIM improvement (max): 0.0001 (30)
[2023-07-31 07:10:28,992] - [trainer.py file line:301] - INFO: Evaluation over.
[2023-07-31 07:10:29,384] - [trainer.py file line:165] - INFO: Current epoch: 36
[2023-07-31 07:10:29,384] - [trainer.py file line:166] - INFO: Current epoch learning rate: 1.000000e-05
[2023-07-31 07:17:42,092] - [trainer.py file line:208] - INFO: epoch: 36	 batch: 50
[2023-07-31 07:17:42,295] - [trainer.py file line:211] - INFO: ms_ssim_l1_loss: 5.3491802216
[2023-07-31 07:24:56,076] - [trainer.py file line:208] - INFO: epoch: 36	 batch: 100
[2023-07-31 07:24:56,416] - [trainer.py file line:211] - INFO: ms_ssim_l1_loss: 5.5182762146
[2023-07-31 07:26:20,878] - [trainer.py file line:227] - INFO: epoch: 36	 DRTT PSNR33.24396393447195	 DRTT SSIM0.9460243042246388
[2023-07-31 07:26:20,878] - [trainer.py file line:228] - INFO: epoch: 36	 Baseline PSNR33.16672448960621	 Baseline SSIM0.945805390884272
[2023-07-31 07:26:20,879] - [trainer.py file line:165] - INFO: Current epoch: 37
[2023-07-31 07:26:20,879] - [trainer.py file line:166] - INFO: Current epoch learning rate: 1.000000e-05
[2023-07-31 07:33:35,531] - [trainer.py file line:208] - INFO: epoch: 37	 batch: 50
[2023-07-31 07:33:35,791] - [trainer.py file line:211] - INFO: ms_ssim_l1_loss: 6.4096994400
[2023-07-31 07:40:58,298] - [trainer.py file line:208] - INFO: epoch: 37	 batch: 100
[2023-07-31 07:40:58,595] - [trainer.py file line:211] - INFO: ms_ssim_l1_loss: 6.0196428299
[2023-07-31 07:42:23,002] - [trainer.py file line:227] - INFO: epoch: 37	 DRTT PSNR33.69898914380614	 DRTT SSIM0.9481349229995145
[2023-07-31 07:42:23,003] - [trainer.py file line:228] - INFO: epoch: 37	 Baseline PSNR33.60846677934461	 Baseline SSIM0.9479311127814161
[2023-07-31 07:42:23,005] - [trainer.py file line:165] - INFO: Current epoch: 38
[2023-07-31 07:42:23,005] - [trainer.py file line:166] - INFO: Current epoch learning rate: 1.000000e-05
[2023-07-31 07:49:37,172] - [trainer.py file line:208] - INFO: epoch: 38	 batch: 50
[2023-07-31 07:49:37,418] - [trainer.py file line:211] - INFO: ms_ssim_l1_loss: 5.7547802925
[2023-07-31 07:56:52,224] - [trainer.py file line:208] - INFO: epoch: 38	 batch: 100
[2023-07-31 07:56:52,468] - [trainer.py file line:211] - INFO: ms_ssim_l1_loss: 5.6548061371
[2023-07-31 07:58:17,443] - [trainer.py file line:227] - INFO: epoch: 38	 DRTT PSNR33.42763919899613	 DRTT SSIM0.9475371325979188
[2023-07-31 07:58:17,443] - [trainer.py file line:228] - INFO: epoch: 38	 Baseline PSNR33.301956621660466	 Baseline SSIM0.94726428207595
[2023-07-31 07:58:17,444] - [trainer.py file line:165] - INFO: Current epoch: 39
[2023-07-31 07:58:17,444] - [trainer.py file line:166] - INFO: Current epoch learning rate: 1.000000e-05
[2023-07-31 08:05:29,619] - [trainer.py file line:208] - INFO: epoch: 39	 batch: 50
[2023-07-31 08:05:29,829] - [trainer.py file line:211] - INFO: ms_ssim_l1_loss: 5.4660267830
[2023-07-31 08:12:46,656] - [trainer.py file line:208] - INFO: epoch: 39	 batch: 100
[2023-07-31 08:12:46,826] - [trainer.py file line:211] - INFO: ms_ssim_l1_loss: 5.4849090576
[2023-07-31 08:14:10,975] - [trainer.py file line:227] - INFO: epoch: 39	 DRTT PSNR33.33489245058181	 DRTT SSIM0.9471105684322849
[2023-07-31 08:14:10,976] - [trainer.py file line:228] - INFO: epoch: 39	 Baseline PSNR33.20505691627173	 Baseline SSIM0.946790670431179
[2023-07-31 08:14:10,977] - [trainer.py file line:165] - INFO: Current epoch: 40
[2023-07-31 08:14:10,977] - [trainer.py file line:166] - INFO: Current epoch learning rate: 1.000000e-05
[2023-07-31 08:21:26,527] - [trainer.py file line:208] - INFO: epoch: 40	 batch: 50
[2023-07-31 08:21:26,849] - [trainer.py file line:211] - INFO: ms_ssim_l1_loss: 4.2830858231
[2023-07-31 08:28:42,302] - [trainer.py file line:208] - INFO: epoch: 40	 batch: 100
[2023-07-31 08:28:42,538] - [trainer.py file line:211] - INFO: ms_ssim_l1_loss: 5.7630605698
[2023-07-31 08:30:08,091] - [trainer.py file line:227] - INFO: epoch: 40	 DRTT PSNR33.399910276090736	 DRTT SSIM0.94712234199546
[2023-07-31 08:30:08,092] - [trainer.py file line:228] - INFO: epoch: 40	 Baseline PSNR33.2786513104859	 Baseline SSIM0.9468362361602445
[2023-07-31 08:30:08,092] - [trainer.py file line:232] - INFO: saving the model...
[2023-07-31 08:30:08,927] - [trainer.py file line:245] - INFO: Epoch 40 evaluation process...
[2023-07-31 08:31:24,923] - [trainer.py file line:286] - INFO: Pipeline  PSNR (now): 33.187 	 SSIM (now): 0.9437
[2023-07-31 08:31:25,051] - [trainer.py file line:287] - INFO: baseline  PSNR (now): 33.112 	 SSIM (now): 0.9435
[2023-07-31 08:31:25,051] - [trainer.py file line:297] - INFO: Ref  PSNR improvement (max): 0.107 (30) 	 SSIM improvement (max): 0.0002 (40)
[2023-07-31 08:31:25,051] - [trainer.py file line:301] - INFO: Evaluation over.
[2023-07-31 08:31:27,105] - [trainer.py file line:165] - INFO: Current epoch: 41
[2023-07-31 08:31:27,106] - [trainer.py file line:166] - INFO: Current epoch learning rate: 1.000000e-05
[2023-07-31 08:38:42,868] - [trainer.py file line:208] - INFO: epoch: 41	 batch: 50
[2023-07-31 08:38:43,284] - [trainer.py file line:211] - INFO: ms_ssim_l1_loss: 5.0940780640
[2023-07-31 08:46:02,712] - [trainer.py file line:208] - INFO: epoch: 41	 batch: 100
[2023-07-31 08:46:02,934] - [trainer.py file line:211] - INFO: ms_ssim_l1_loss: 4.2844877243
[2023-07-31 08:47:25,534] - [trainer.py file line:227] - INFO: epoch: 41	 DRTT PSNR33.43044154425285	 DRTT SSIM0.9469275816773779
[2023-07-31 08:47:25,534] - [trainer.py file line:228] - INFO: epoch: 41	 Baseline PSNR33.28178034622219	 Baseline SSIM0.946574057850208
[2023-07-31 08:47:25,535] - [trainer.py file line:165] - INFO: Current epoch: 42
[2023-07-31 08:47:25,535] - [trainer.py file line:166] - INFO: Current epoch learning rate: 1.000000e-05
[2023-07-31 08:54:39,126] - [trainer.py file line:208] - INFO: epoch: 42	 batch: 50
[2023-07-31 08:54:39,282] - [trainer.py file line:211] - INFO: ms_ssim_l1_loss: 5.3441338539
[2023-07-31 09:01:57,482] - [trainer.py file line:208] - INFO: epoch: 42	 batch: 100
[2023-07-31 09:01:57,654] - [trainer.py file line:211] - INFO: ms_ssim_l1_loss: 6.2739925385
[2023-07-31 09:03:21,475] - [trainer.py file line:227] - INFO: epoch: 42	 DRTT PSNR33.39782858739435	 DRTT SSIM0.9467809078416278
[2023-07-31 09:03:21,475] - [trainer.py file line:228] - INFO: epoch: 42	 Baseline PSNR33.279927887608814	 Baseline SSIM0.9464041881423974
[2023-07-31 09:03:21,476] - [trainer.py file line:165] - INFO: Current epoch: 43
[2023-07-31 09:03:21,476] - [trainer.py file line:166] - INFO: Current epoch learning rate: 1.000000e-05
[2023-07-31 09:10:38,729] - [trainer.py file line:208] - INFO: epoch: 43	 batch: 50
[2023-07-31 09:10:38,994] - [trainer.py file line:211] - INFO: ms_ssim_l1_loss: 7.7179765701
[2023-07-31 09:18:00,293] - [trainer.py file line:208] - INFO: epoch: 43	 batch: 100
[2023-07-31 09:18:00,532] - [trainer.py file line:211] - INFO: ms_ssim_l1_loss: 5.6416087151
[2023-07-31 09:19:25,399] - [trainer.py file line:227] - INFO: epoch: 43	 DRTT PSNR33.41193648369077	 DRTT SSIM0.9472249612856577
[2023-07-31 09:19:25,400] - [trainer.py file line:228] - INFO: epoch: 43	 Baseline PSNR33.28390486204141	 Baseline SSIM0.9468442550181227
[2023-07-31 09:19:25,401] - [trainer.py file line:165] - INFO: Current epoch: 44
[2023-07-31 09:19:25,401] - [trainer.py file line:166] - INFO: Current epoch learning rate: 1.000000e-05
[2023-07-31 09:26:40,803] - [trainer.py file line:208] - INFO: epoch: 44	 batch: 50
[2023-07-31 09:26:41,057] - [trainer.py file line:211] - INFO: ms_ssim_l1_loss: 5.2290391922
[2023-07-31 09:34:01,999] - [trainer.py file line:208] - INFO: epoch: 44	 batch: 100
[2023-07-31 09:34:02,059] - [trainer.py file line:211] - INFO: ms_ssim_l1_loss: 5.8243036270
[2023-07-31 09:35:27,965] - [trainer.py file line:227] - INFO: epoch: 44	 DRTT PSNR33.53327393069653	 DRTT SSIM0.9474186628851984
[2023-07-31 09:35:27,966] - [trainer.py file line:228] - INFO: epoch: 44	 Baseline PSNR33.41998528387349	 Baseline SSIM0.9470338790771565
[2023-07-31 09:35:27,967] - [trainer.py file line:165] - INFO: Current epoch: 45
[2023-07-31 09:35:27,967] - [trainer.py file line:166] - INFO: Current epoch learning rate: 1.000000e-05
[2023-07-31 09:42:42,537] - [trainer.py file line:208] - INFO: epoch: 45	 batch: 50
[2023-07-31 09:42:42,799] - [trainer.py file line:211] - INFO: ms_ssim_l1_loss: 6.4130797386
[2023-07-31 09:50:00,489] - [trainer.py file line:208] - INFO: epoch: 45	 batch: 100
[2023-07-31 09:50:00,557] - [trainer.py file line:211] - INFO: ms_ssim_l1_loss: 7.9256834984
[2023-07-31 09:51:28,523] - [trainer.py file line:227] - INFO: epoch: 45	 DRTT PSNR33.193576317028686	 DRTT SSIM0.9460001949511727
[2023-07-31 09:51:28,613] - [trainer.py file line:228] - INFO: epoch: 45	 Baseline PSNR33.101903896000955	 Baseline SSIM0.9456413600779742
[2023-07-31 09:51:28,613] - [trainer.py file line:232] - INFO: saving the model...
[2023-07-31 09:51:29,264] - [trainer.py file line:245] - INFO: Epoch 45 evaluation process...
[2023-07-31 09:52:44,244] - [trainer.py file line:286] - INFO: Pipeline  PSNR (now): 32.742 	 SSIM (now): 0.9387
[2023-07-31 09:52:44,245] - [trainer.py file line:287] - INFO: baseline  PSNR (now): 32.584 	 SSIM (now): 0.9383
[2023-07-31 09:52:44,245] - [trainer.py file line:297] - INFO: Ref  PSNR improvement (max): 0.158 (45) 	 SSIM improvement (max): 0.0005 (45)
[2023-07-31 09:52:44,245] - [trainer.py file line:301] - INFO: Evaluation over.
[2023-07-31 09:52:49,616] - [trainer.py file line:165] - INFO: Current epoch: 46
[2023-07-31 09:52:49,616] - [trainer.py file line:166] - INFO: Current epoch learning rate: 1.000000e-05
[2023-07-31 10:00:09,859] - [trainer.py file line:208] - INFO: epoch: 46	 batch: 50
[2023-07-31 10:00:10,103] - [trainer.py file line:211] - INFO: ms_ssim_l1_loss: 4.7609195709
[2023-07-31 10:07:35,537] - [trainer.py file line:208] - INFO: epoch: 46	 batch: 100
[2023-07-31 10:07:35,868] - [trainer.py file line:211] - INFO: ms_ssim_l1_loss: 6.4702243805
[2023-07-31 10:09:01,449] - [trainer.py file line:227] - INFO: epoch: 46	 DRTT PSNR33.46947736590412	 DRTT SSIM0.9469379075611506
[2023-07-31 10:09:01,449] - [trainer.py file line:228] - INFO: epoch: 46	 Baseline PSNR33.32215213791112	 Baseline SSIM0.9465114320232928
[2023-07-31 10:09:01,451] - [trainer.py file line:165] - INFO: Current epoch: 47
[2023-07-31 10:09:01,451] - [trainer.py file line:166] - INFO: Current epoch learning rate: 1.000000e-05
[2023-07-31 10:16:19,576] - [trainer.py file line:208] - INFO: epoch: 47	 batch: 50
[2023-07-31 10:16:19,974] - [trainer.py file line:211] - INFO: ms_ssim_l1_loss: 4.5198488235
[2023-07-31 10:23:38,028] - [trainer.py file line:208] - INFO: epoch: 47	 batch: 100
[2023-07-31 10:23:38,326] - [trainer.py file line:211] - INFO: ms_ssim_l1_loss: 4.7946262360
[2023-07-31 10:25:03,820] - [trainer.py file line:227] - INFO: epoch: 47	 DRTT PSNR33.212449190610364	 DRTT SSIM0.9454692519792145
[2023-07-31 10:25:04,022] - [trainer.py file line:228] - INFO: epoch: 47	 Baseline PSNR33.06966100314312	 Baseline SSIM0.9450468051455241
[2023-07-31 10:25:04,023] - [trainer.py file line:165] - INFO: Current epoch: 48
[2023-07-31 10:25:04,033] - [trainer.py file line:166] - INFO: Current epoch learning rate: 1.000000e-05
[2023-07-31 10:32:19,866] - [trainer.py file line:208] - INFO: epoch: 48	 batch: 50
[2023-07-31 10:32:20,161] - [trainer.py file line:211] - INFO: ms_ssim_l1_loss: 6.2024879456
[2023-07-31 10:39:46,226] - [trainer.py file line:208] - INFO: epoch: 48	 batch: 100
[2023-07-31 10:39:46,292] - [trainer.py file line:211] - INFO: ms_ssim_l1_loss: 5.4646186829
[2023-07-31 10:41:10,848] - [trainer.py file line:227] - INFO: epoch: 48	 DRTT PSNR33.3543139439263	 DRTT SSIM0.9462751342005677
[2023-07-31 10:41:10,848] - [trainer.py file line:228] - INFO: epoch: 48	 Baseline PSNR33.18107921412461	 Baseline SSIM0.9458220887675534
[2023-07-31 10:41:10,849] - [trainer.py file line:165] - INFO: Current epoch: 49
[2023-07-31 10:41:10,849] - [trainer.py file line:166] - INFO: Current epoch learning rate: 1.000000e-05
[2023-07-31 10:48:32,002] - [trainer.py file line:208] - INFO: epoch: 49	 batch: 50
[2023-07-31 10:48:32,131] - [trainer.py file line:211] - INFO: ms_ssim_l1_loss: 5.2315130234
[2023-07-31 10:56:03,880] - [trainer.py file line:208] - INFO: epoch: 49	 batch: 100
[2023-07-31 10:56:04,044] - [trainer.py file line:211] - INFO: ms_ssim_l1_loss: 6.3386793137
[2023-07-31 10:57:29,306] - [trainer.py file line:227] - INFO: epoch: 49	 DRTT PSNR33.27350776635734	 DRTT SSIM0.9461097669723153
[2023-07-31 10:57:29,306] - [trainer.py file line:228] - INFO: epoch: 49	 Baseline PSNR33.119757713150726	 Baseline SSIM0.9455926123895492
[2023-07-31 10:57:29,307] - [trainer.py file line:165] - INFO: Current epoch: 50
[2023-07-31 10:57:29,307] - [trainer.py file line:166] - INFO: Current epoch learning rate: 1.000000e-05
[2023-07-31 11:04:59,413] - [trainer.py file line:208] - INFO: epoch: 50	 batch: 50
[2023-07-31 11:04:59,676] - [trainer.py file line:211] - INFO: ms_ssim_l1_loss: 5.7068252563
[2023-07-31 11:12:23,761] - [trainer.py file line:208] - INFO: epoch: 50	 batch: 100
[2023-07-31 11:12:24,099] - [trainer.py file line:211] - INFO: ms_ssim_l1_loss: 6.5401735306
[2023-07-31 11:13:50,481] - [trainer.py file line:227] - INFO: epoch: 50	 DRTT PSNR33.266962904157346	 DRTT SSIM0.9456194588546105
[2023-07-31 11:13:50,481] - [trainer.py file line:228] - INFO: epoch: 50	 Baseline PSNR33.13204233716848	 Baseline SSIM0.9451469850127182
[2023-07-31 11:13:50,481] - [trainer.py file line:232] - INFO: saving the model...
[2023-07-31 11:13:51,393] - [trainer.py file line:245] - INFO: Epoch 50 evaluation process...
[2023-07-31 11:15:12,332] - [trainer.py file line:286] - INFO: Pipeline  PSNR (now): 32.558 	 SSIM (now): 0.9381
[2023-07-31 11:15:12,420] - [trainer.py file line:287] - INFO: baseline  PSNR (now): 32.483 	 SSIM (now): 0.9375
[2023-07-31 11:15:12,420] - [trainer.py file line:297] - INFO: Ref  PSNR improvement (max): 0.158 (45) 	 SSIM improvement (max): 0.0006 (50)
[2023-07-31 11:15:12,420] - [trainer.py file line:301] - INFO: Evaluation over.
[2023-07-31 11:15:12,675] - [trainer.py file line:165] - INFO: Current epoch: 51
[2023-07-31 11:15:12,675] - [trainer.py file line:166] - INFO: Current epoch learning rate: 1.000000e-05
[2023-07-31 11:22:41,016] - [trainer.py file line:208] - INFO: epoch: 51	 batch: 50
[2023-07-31 11:22:41,281] - [trainer.py file line:211] - INFO: ms_ssim_l1_loss: 6.2354984283
[2023-07-31 11:30:05,073] - [trainer.py file line:208] - INFO: epoch: 51	 batch: 100
[2023-07-31 11:30:05,301] - [trainer.py file line:211] - INFO: ms_ssim_l1_loss: 6.4644083977
[2023-07-31 11:31:33,466] - [trainer.py file line:227] - INFO: epoch: 51	 DRTT PSNR33.36196261332201	 DRTT SSIM0.9455250211073886
[2023-07-31 11:31:33,466] - [trainer.py file line:228] - INFO: epoch: 51	 Baseline PSNR33.19218431345083	 Baseline SSIM0.9449839062883417
[2023-07-31 11:31:33,467] - [trainer.py file line:165] - INFO: Current epoch: 52
[2023-07-31 11:31:33,468] - [trainer.py file line:166] - INFO: Current epoch learning rate: 1.000000e-05
[2023-07-31 11:38:59,022] - [trainer.py file line:208] - INFO: epoch: 52	 batch: 50
[2023-07-31 11:38:59,328] - [trainer.py file line:211] - INFO: ms_ssim_l1_loss: 7.4356622696
[2023-07-31 11:46:40,734] - [trainer.py file line:208] - INFO: epoch: 52	 batch: 100
[2023-07-31 11:46:41,149] - [trainer.py file line:211] - INFO: ms_ssim_l1_loss: 5.3802971840
[2023-07-31 11:48:07,699] - [trainer.py file line:227] - INFO: epoch: 52	 DRTT PSNR33.40342293908771	 DRTT SSIM0.946272692905625
[2023-07-31 11:48:07,700] - [trainer.py file line:228] - INFO: epoch: 52	 Baseline PSNR33.24535993412487	 Baseline SSIM0.9457237695696457
[2023-07-31 11:48:07,701] - [trainer.py file line:165] - INFO: Current epoch: 53
[2023-07-31 11:48:07,701] - [trainer.py file line:166] - INFO: Current epoch learning rate: 1.000000e-05
[2023-07-31 11:55:30,659] - [trainer.py file line:208] - INFO: epoch: 53	 batch: 50
[2023-07-31 11:55:30,946] - [trainer.py file line:211] - INFO: ms_ssim_l1_loss: 6.5831298828
[2023-07-31 12:02:49,486] - [trainer.py file line:208] - INFO: epoch: 53	 batch: 100
[2023-07-31 12:02:49,720] - [trainer.py file line:211] - INFO: ms_ssim_l1_loss: 4.1441464424
[2023-07-31 12:04:15,183] - [trainer.py file line:227] - INFO: epoch: 53	 DRTT PSNR33.35273132665234	 DRTT SSIM0.9471253591643648
[2023-07-31 12:04:15,183] - [trainer.py file line:228] - INFO: epoch: 53	 Baseline PSNR33.1777458336824	 Baseline SSIM0.9465424484355424
[2023-07-31 12:04:15,185] - [trainer.py file line:165] - INFO: Current epoch: 54
[2023-07-31 12:04:15,185] - [trainer.py file line:166] - INFO: Current epoch learning rate: 1.000000e-05
[2023-07-31 12:11:38,045] - [trainer.py file line:208] - INFO: epoch: 54	 batch: 50
[2023-07-31 12:11:38,363] - [trainer.py file line:211] - INFO: ms_ssim_l1_loss: 5.2891702652
[2023-07-31 12:19:04,461] - [trainer.py file line:208] - INFO: epoch: 54	 batch: 100
[2023-07-31 12:19:04,589] - [trainer.py file line:211] - INFO: ms_ssim_l1_loss: 5.5177669525
[2023-07-31 12:20:28,733] - [trainer.py file line:227] - INFO: epoch: 54	 DRTT PSNR33.36810188159947	 DRTT SSIM0.946166130322824
[2023-07-31 12:20:28,759] - [trainer.py file line:228] - INFO: epoch: 54	 Baseline PSNR33.17955725375288	 Baseline SSIM0.9455678458278293
[2023-07-31 12:20:28,760] - [trainer.py file line:165] - INFO: Current epoch: 55
[2023-07-31 12:20:28,761] - [trainer.py file line:166] - INFO: Current epoch learning rate: 1.000000e-05
[2023-07-31 12:27:45,581] - [trainer.py file line:208] - INFO: epoch: 55	 batch: 50
[2023-07-31 12:27:45,838] - [trainer.py file line:211] - INFO: ms_ssim_l1_loss: 4.4432106018
[2023-07-31 12:35:06,277] - [trainer.py file line:208] - INFO: epoch: 55	 batch: 100
[2023-07-31 12:35:06,356] - [trainer.py file line:211] - INFO: ms_ssim_l1_loss: 5.5061883926
[2023-07-31 12:36:39,143] - [trainer.py file line:227] - INFO: epoch: 55	 DRTT PSNR33.58190149798831	 DRTT SSIM0.947821596842442
[2023-07-31 12:36:39,243] - [trainer.py file line:228] - INFO: epoch: 55	 Baseline PSNR33.340364311303816	 Baseline SSIM0.9471471635323331
[2023-07-31 12:36:39,243] - [trainer.py file line:232] - INFO: saving the model...
[2023-07-31 12:36:39,816] - [trainer.py file line:245] - INFO: Epoch 55 evaluation process...
[2023-07-31 12:37:56,512] - [trainer.py file line:286] - INFO: Pipeline  PSNR (now): 32.772 	 SSIM (now): 0.9360
[2023-07-31 12:37:56,564] - [trainer.py file line:287] - INFO: baseline  PSNR (now): 32.543 	 SSIM (now): 0.9350
[2023-07-31 12:37:56,565] - [trainer.py file line:297] - INFO: Ref  PSNR improvement (max): 0.229 (55) 	 SSIM improvement (max): 0.0010 (55)
[2023-07-31 12:37:56,565] - [trainer.py file line:301] - INFO: Evaluation over.
[2023-07-31 12:37:59,850] - [trainer.py file line:165] - INFO: Current epoch: 56
[2023-07-31 12:37:59,851] - [trainer.py file line:166] - INFO: Current epoch learning rate: 1.000000e-05
[2023-07-31 12:45:20,903] - [trainer.py file line:208] - INFO: epoch: 56	 batch: 50
[2023-07-31 12:45:21,174] - [trainer.py file line:211] - INFO: ms_ssim_l1_loss: 5.0563511848
[2023-07-31 12:52:45,727] - [trainer.py file line:208] - INFO: epoch: 56	 batch: 100
[2023-07-31 12:52:45,889] - [trainer.py file line:211] - INFO: ms_ssim_l1_loss: 7.1610274315
[2023-07-31 12:54:16,017] - [trainer.py file line:227] - INFO: epoch: 56	 DRTT PSNR33.395530127958764	 DRTT SSIM0.9464391460045228
[2023-07-31 12:54:16,018] - [trainer.py file line:228] - INFO: epoch: 56	 Baseline PSNR33.136079997159754	 Baseline SSIM0.9456772200344303
[2023-07-31 12:54:16,019] - [trainer.py file line:165] - INFO: Current epoch: 57
[2023-07-31 12:54:16,019] - [trainer.py file line:166] - INFO: Current epoch learning rate: 1.000000e-05
[2023-07-31 13:01:35,192] - [trainer.py file line:208] - INFO: epoch: 57	 batch: 50
[2023-07-31 13:01:35,540] - [trainer.py file line:211] - INFO: ms_ssim_l1_loss: 5.7141175270
[2023-07-31 13:08:57,724] - [trainer.py file line:208] - INFO: epoch: 57	 batch: 100
[2023-07-31 13:08:57,979] - [trainer.py file line:211] - INFO: ms_ssim_l1_loss: 6.0393290520
[2023-07-31 13:10:21,484] - [trainer.py file line:227] - INFO: epoch: 57	 DRTT PSNR33.425922691115396	 DRTT SSIM0.9472286249143607
[2023-07-31 13:10:21,484] - [trainer.py file line:228] - INFO: epoch: 57	 Baseline PSNR33.245957818166374	 Baseline SSIM0.9465744098941218
[2023-07-31 13:10:21,485] - [trainer.py file line:165] - INFO: Current epoch: 58
[2023-07-31 13:10:21,486] - [trainer.py file line:166] - INFO: Current epoch learning rate: 1.000000e-05
[2023-07-31 13:17:37,416] - [trainer.py file line:208] - INFO: epoch: 58	 batch: 50
[2023-07-31 13:17:37,634] - [trainer.py file line:211] - INFO: ms_ssim_l1_loss: 7.2487592697
[2023-07-31 13:25:04,877] - [trainer.py file line:208] - INFO: epoch: 58	 batch: 100
[2023-07-31 13:25:05,139] - [trainer.py file line:211] - INFO: ms_ssim_l1_loss: 3.8968973160
[2023-07-31 13:26:29,284] - [trainer.py file line:227] - INFO: epoch: 58	 DRTT PSNR33.721099385003086	 DRTT SSIM0.9487684592776341
[2023-07-31 13:26:29,284] - [trainer.py file line:228] - INFO: epoch: 58	 Baseline PSNR33.461150698016866	 Baseline SSIM0.9480204477145525
[2023-07-31 13:26:29,285] - [trainer.py file line:165] - INFO: Current epoch: 59
[2023-07-31 13:26:29,285] - [trainer.py file line:166] - INFO: Current epoch learning rate: 1.000000e-05
[2023-07-31 13:33:48,472] - [trainer.py file line:208] - INFO: epoch: 59	 batch: 50
[2023-07-31 13:33:48,696] - [trainer.py file line:211] - INFO: ms_ssim_l1_loss: 4.3600721359
[2023-07-31 13:41:10,528] - [trainer.py file line:208] - INFO: epoch: 59	 batch: 100
[2023-07-31 13:41:10,834] - [trainer.py file line:211] - INFO: ms_ssim_l1_loss: 5.8335027695
[2023-07-31 13:42:34,442] - [trainer.py file line:227] - INFO: epoch: 59	 DRTT PSNR33.68345682636218	 DRTT SSIM0.9486921989374651
[2023-07-31 13:42:34,442] - [trainer.py file line:228] - INFO: epoch: 59	 Baseline PSNR33.4281311505972	 Baseline SSIM0.9478977301869314
[2023-07-31 13:42:34,443] - [trainer.py file line:165] - INFO: Current epoch: 60
[2023-07-31 13:42:34,444] - [trainer.py file line:166] - INFO: Current epoch learning rate: 1.000000e-05
[2023-07-31 13:49:57,874] - [trainer.py file line:208] - INFO: epoch: 60	 batch: 50
[2023-07-31 13:49:58,124] - [trainer.py file line:211] - INFO: ms_ssim_l1_loss: 6.5878300667
[2023-07-31 13:57:24,942] - [trainer.py file line:208] - INFO: epoch: 60	 batch: 100
[2023-07-31 13:57:25,238] - [trainer.py file line:211] - INFO: ms_ssim_l1_loss: 5.3274598122
[2023-07-31 13:58:49,709] - [trainer.py file line:227] - INFO: epoch: 60	 DRTT PSNR33.50778750266532	 DRTT SSIM0.947385350348108
[2023-07-31 13:58:49,709] - [trainer.py file line:228] - INFO: epoch: 60	 Baseline PSNR33.26814386327445	 Baseline SSIM0.9465041387471326
[2023-07-31 13:58:49,709] - [trainer.py file line:232] - INFO: saving the model...
[2023-07-31 13:58:50,414] - [trainer.py file line:245] - INFO: Epoch 60 evaluation process...
[2023-07-31 14:00:09,806] - [trainer.py file line:286] - INFO: Pipeline  PSNR (now): 32.351 	 SSIM (now): 0.9345
[2023-07-31 14:00:09,838] - [trainer.py file line:287] - INFO: baseline  PSNR (now): 31.975 	 SSIM (now): 0.9330
[2023-07-31 14:00:09,838] - [trainer.py file line:297] - INFO: Ref  PSNR improvement (max): 0.376 (60) 	 SSIM improvement (max): 0.0014 (60)
[2023-07-31 14:00:09,838] - [trainer.py file line:301] - INFO: Evaluation over.
[2023-07-31 14:00:10,200] - [trainer.py file line:165] - INFO: Current epoch: 61
[2023-07-31 14:00:10,200] - [trainer.py file line:166] - INFO: Current epoch learning rate: 1.000000e-05
[2023-07-31 14:07:36,607] - [trainer.py file line:208] - INFO: epoch: 61	 batch: 50
[2023-07-31 14:07:36,879] - [trainer.py file line:211] - INFO: ms_ssim_l1_loss: 5.4953651428
[2023-07-31 14:15:05,680] - [trainer.py file line:208] - INFO: epoch: 61	 batch: 100
[2023-07-31 14:15:06,033] - [trainer.py file line:211] - INFO: ms_ssim_l1_loss: 4.6050653458
[2023-07-31 14:16:31,135] - [trainer.py file line:227] - INFO: epoch: 61	 DRTT PSNR33.642232316538795	 DRTT SSIM0.9481285340628202
[2023-07-31 14:16:31,136] - [trainer.py file line:228] - INFO: epoch: 61	 Baseline PSNR33.37895456149408	 Baseline SSIM0.9472757592599063
[2023-07-31 14:16:31,137] - [trainer.py file line:165] - INFO: Current epoch: 62
[2023-07-31 14:16:31,137] - [trainer.py file line:166] - INFO: Current epoch learning rate: 1.000000e-05
[2023-07-31 14:23:54,800] - [trainer.py file line:208] - INFO: epoch: 62	 batch: 50
[2023-07-31 14:23:55,132] - [trainer.py file line:211] - INFO: ms_ssim_l1_loss: 5.0537638664
[2023-07-31 14:31:17,235] - [trainer.py file line:208] - INFO: epoch: 62	 batch: 100
[2023-07-31 14:31:17,470] - [trainer.py file line:211] - INFO: ms_ssim_l1_loss: 5.1146678925
[2023-07-31 14:32:46,619] - [trainer.py file line:227] - INFO: epoch: 62	 DRTT PSNR33.75550471433115	 DRTT SSIM0.9487745762389289
[2023-07-31 14:32:46,619] - [trainer.py file line:228] - INFO: epoch: 62	 Baseline PSNR33.47032742815145	 Baseline SSIM0.9478541079763718
[2023-07-31 14:32:46,620] - [trainer.py file line:165] - INFO: Current epoch: 63
[2023-07-31 14:32:46,620] - [trainer.py file line:166] - INFO: Current epoch learning rate: 1.000000e-05
[2023-07-31 14:40:08,729] - [trainer.py file line:208] - INFO: epoch: 63	 batch: 50
[2023-07-31 14:40:08,903] - [trainer.py file line:211] - INFO: ms_ssim_l1_loss: 5.7336812019
[2023-07-31 14:47:35,429] - [trainer.py file line:208] - INFO: epoch: 63	 batch: 100
[2023-07-31 14:47:35,696] - [trainer.py file line:211] - INFO: ms_ssim_l1_loss: 5.4247665405
[2023-07-31 14:49:00,202] - [trainer.py file line:227] - INFO: epoch: 63	 DRTT PSNR33.6386194961024	 DRTT SSIM0.9486433584288512
[2023-07-31 14:49:00,203] - [trainer.py file line:228] - INFO: epoch: 63	 Baseline PSNR33.32217646209449	 Baseline SSIM0.9476728721252483
[2023-07-31 14:49:00,204] - [trainer.py file line:165] - INFO: Current epoch: 64
[2023-07-31 14:49:00,204] - [trainer.py file line:166] - INFO: Current epoch learning rate: 1.000000e-05
[2023-07-31 14:56:30,378] - [trainer.py file line:208] - INFO: epoch: 64	 batch: 50
[2023-07-31 14:56:30,724] - [trainer.py file line:211] - INFO: ms_ssim_l1_loss: 4.6678142548
[2023-07-31 15:04:00,247] - [trainer.py file line:208] - INFO: epoch: 64	 batch: 100
[2023-07-31 15:04:00,504] - [trainer.py file line:211] - INFO: ms_ssim_l1_loss: 4.3735604286
[2023-07-31 15:05:27,711] - [trainer.py file line:227] - INFO: epoch: 64	 DRTT PSNR33.572405739211014	 DRTT SSIM0.9475631003095284
[2023-07-31 15:05:27,711] - [trainer.py file line:228] - INFO: epoch: 64	 Baseline PSNR33.26663175676657	 Baseline SSIM0.9465727972688495
[2023-07-31 15:05:27,712] - [trainer.py file line:165] - INFO: Current epoch: 65
[2023-07-31 15:05:27,712] - [trainer.py file line:166] - INFO: Current epoch learning rate: 1.000000e-05
[2023-07-31 15:12:49,008] - [trainer.py file line:208] - INFO: epoch: 65	 batch: 50
[2023-07-31 15:12:49,165] - [trainer.py file line:211] - INFO: ms_ssim_l1_loss: 5.1221127510
